18:38:36: Creating resource group General
18:38:36: Creating resource group Internal
18:38:36: Creating resource group Autodetect
18:38:36: SceneManagerFactory for type 'DefaultSceneManager' registered.
18:38:36: Registering ResourceManager for type Material
18:38:36: Registering ResourceManager for type Mesh
18:38:36: Registering ResourceManager for type Skeleton
18:38:36: MovableObjectFactory for type 'ParticleSystem' registered.
18:38:36: OverlayElementFactory for type Panel registered.
18:38:36: OverlayElementFactory for type BorderPanel registered.
18:38:36: OverlayElementFactory for type TextArea registered.
18:38:36: Registering ResourceManager for type Font
18:38:36: ArchiveFactory for archive type FileSystem registered.
18:38:36: ArchiveFactory for archive type Zip registered.
18:38:36: DDS codec registering
18:38:36: FreeImage version: 3.15.4
18:38:36: This program uses FreeImage, a free, open source image library supporting all common bitmap formats. See http://freeimage.sourceforge.net for details
18:38:36: Supported formats: bmp,ico,jpg,jif,jpeg,jpe,jng,koa,iff,lbm,mng,pbm,pbm,pcd,pcx,pgm,pgm,png,ppm,ppm,ras,tga,targa,tif,tiff,wap,wbmp,wbm,psd,cut,xbm,xpm,gif,hdr,g3,sgi,exr,j2k,j2c,jp2,pfm,pct,pict,pic,3fr,arw,bay,bmq,cap,cine,cr2,crw,cs1,dc2,dcr,drf,dsc,dng,erf,fff,ia,iiq,k25,kc2,kdc,mdc,mef,mos,mrw,nef,nrw,orf,pef,ptx,pxn,qtk,raf,raw,rdc,rw2,rwl,rwz,sr2,srf,srw,sti
18:38:36: Registering ResourceManager for type HighLevelGpuProgram
18:38:36: Registering ResourceManager for type Compositor
18:38:36: MovableObjectFactory for type 'Entity' registered.
18:38:36: MovableObjectFactory for type 'Light' registered.
18:38:36: MovableObjectFactory for type 'BillboardSet' registered.
18:38:36: MovableObjectFactory for type 'ManualObject' registered.
18:38:36: MovableObjectFactory for type 'BillboardChain' registered.
18:38:36: MovableObjectFactory for type 'RibbonTrail' registered.
18:38:36: Loading library /usr/lib/OGRE/RenderSystem_GL
18:38:36: Installing plugin: GL RenderSystem
18:38:36: OpenGL Rendering Subsystem created.
18:38:36: Plugin successfully installed
18:38:36: Loading library /usr/lib/OGRE/Plugin_ParticleFX
18:38:36: Installing plugin: ParticleFX
18:38:36: Particle Emitter Type 'Point' registered
18:38:36: Particle Emitter Type 'Box' registered
18:38:36: Particle Emitter Type 'Ellipsoid' registered
18:38:36: Particle Emitter Type 'Cylinder' registered
18:38:36: Particle Emitter Type 'Ring' registered
18:38:36: Particle Emitter Type 'HollowEllipsoid' registered
18:38:36: Particle Affector Type 'LinearForce' registered
18:38:36: Particle Affector Type 'ColourFader' registered
18:38:36: Particle Affector Type 'ColourFader2' registered
18:38:36: Particle Affector Type 'ColourImage' registered
18:38:36: Particle Affector Type 'ColourInterpolator' registered
18:38:36: Particle Affector Type 'Scaler' registered
18:38:36: Particle Affector Type 'Rotator' registered
18:38:36: Particle Affector Type 'DirectionRandomiser' registered
18:38:36: Particle Affector Type 'DeflectorPlane' registered
18:38:36: Plugin successfully installed
18:38:36: Loading library /usr/lib/OGRE/Plugin_BSPSceneManager
18:38:36: Installing plugin: BSP Scene Manager
18:38:36: Plugin successfully installed
18:38:36: Loading library /usr/lib/OGRE/Plugin_OctreeSceneManager
18:38:36: Installing plugin: Octree & Terrain Scene Manager
18:38:36: Plugin successfully installed
18:38:36: Loading library /usr/lib/OGRE/Plugin_CgProgramManager
18:38:36: Installing plugin: Cg Program Manager
18:38:36: Plugin successfully installed
18:38:36: *-*-* OGRE Initialising
18:38:36: *-*-* Version 1.7.2 (Cthugha)
18:38:36: Creating resource group Bootstrap
18:38:36: Added resource location 'media/packs/OgreCore.zip' of type 'Zip' to resource group 'Bootstrap'
18:38:36: Added resource location 'media' of type 'FileSystem' to resource group 'General'
18:38:36: Added resource location 'media/fonts' of type 'FileSystem' to resource group 'General'
18:38:36: Added resource location 'media/sounds' of type 'FileSystem' to resource group 'General'
18:38:36: Added resource location 'media/Audio' of type 'FileSystem' to resource group 'General'
18:38:36: Added resource location 'media/materials/programs' of type 'FileSystem' to resource group 'General'
18:38:36: Added resource location 'media/materials/scripts' of type 'FileSystem' to resource group 'General'
18:38:36: Added resource location 'media/materials/textures' of type 'FileSystem' to resource group 'General'
18:38:36: Added resource location 'media/models' of type 'FileSystem' to resource group 'General'
18:38:36: Added resource location 'media/overlays' of type 'FileSystem' to resource group 'General'
18:38:36: Added resource location 'media/particle' of type 'FileSystem' to resource group 'General'
18:38:36: Added resource location 'media/gui' of type 'FileSystem' to resource group 'General'
18:38:36: Added resource location 'media/packs/cubemap.zip' of type 'Zip' to resource group 'General'
18:38:36: Added resource location 'media/packs/cubemapsJS.zip' of type 'Zip' to resource group 'General'
18:38:36: Added resource location 'media/packs/dragon.zip' of type 'Zip' to resource group 'General'
18:38:36: Added resource location 'media/packs/fresneldemo.zip' of type 'Zip' to resource group 'General'
18:38:36: Added resource location 'media/packs/ogretestmap.zip' of type 'Zip' to resource group 'General'
18:38:36: Added resource location 'media/packs/skybox.zip' of type 'Zip' to resource group 'General'
18:38:40: CPU Identifier & Features
18:38:40: -------------------------
18:38:40:  *   CPU ID: GenuineIntel: Intel(R) Core(TM) i7-4510U CPU @ 2.00GHz
18:38:40:  *      SSE: yes
18:38:40:  *     SSE2: yes
18:38:40:  *     SSE3: yes
18:38:40:  *      MMX: yes
18:38:40:  *   MMXEXT: yes
18:38:40:  *    3DNOW: no
18:38:40:  * 3DNOWEXT: no
18:38:40:  *     CMOV: yes
18:38:40:  *      TSC: yes
18:38:40:  *      FPU: yes
18:38:40:  *      PRO: yes
18:38:40:  *       HT: no
18:38:40: -------------------------
18:38:40: ******************************
*** Starting GLX Subsystem ***
******************************
18:38:40: GLRenderSystem::_createRenderWindow "/home/bandith/Documents/CS381/GameEnginePipeline/as4/381/as4.py", 1024x768 windowed  miscParams: FSAA=0 displayFrequency=60 MHz gamma=No vsync=No 
18:38:40: GLXWindow::create used FBConfigID = 163
18:38:40: GL_VERSION = 2.1 Mesa 10.1.3
18:38:40: GL_VENDOR = VMware, Inc.
18:38:40: GL_RENDERER = Gallium 0.4 on SVGA3D; build: RELEASE;  
18:38:40: GL_EXTENSIONS = GL_ARB_multisample GL_EXT_abgr GL_EXT_bgra GL_EXT_blend_color GL_EXT_blend_minmax GL_EXT_blend_subtract GL_EXT_copy_texture GL_EXT_polygon_offset GL_EXT_subtexture GL_EXT_texture_object GL_EXT_vertex_array GL_EXT_compiled_vertex_array GL_EXT_texture GL_EXT_texture3D GL_IBM_rasterpos_clip GL_ARB_point_parameters GL_EXT_draw_range_elements GL_EXT_packed_pixels GL_EXT_point_parameters GL_EXT_rescale_normal GL_EXT_separate_specular_color GL_EXT_texture_edge_clamp GL_SGIS_generate_mipmap GL_SGIS_texture_border_clamp GL_SGIS_texture_edge_clamp GL_SGIS_texture_lod GL_ARB_framebuffer_sRGB GL_ARB_multitexture GL_EXT_framebuffer_sRGB GL_IBM_multimode_draw_arrays GL_IBM_texture_mirrored_repeat GL_ARB_texture_cube_map GL_ARB_texture_env_add GL_ARB_transpose_matrix GL_EXT_blend_func_separate GL_EXT_fog_coord GL_EXT_multi_draw_arrays GL_EXT_secondary_color GL_EXT_texture_env_add GL_EXT_texture_filter_anisotropic GL_EXT_texture_lod_bias GL_INGR_blend_func_separate GL_NV_blend_square GL_NV_light_max_exponent GL_NV_texgen_reflection GL_NV_texture_env_combine4 GL_S3_s3tc GL_SUN_multi_draw_arrays GL_ARB_texture_border_clamp GL_ARB_texture_compression GL_EXT_framebuffer_object GL_EXT_texture_compression_s3tc GL_EXT_texture_env_combine GL_EXT_texture_env_dot3 GL_MESA_window_pos GL_NV_packed_depth_stencil GL_NV_texture_rectangle GL_ARB_depth_texture GL_ARB_occlusion_query GL_ARB_shadow GL_ARB_texture_env_combine GL_ARB_texture_env_crossbar GL_ARB_texture_env_dot3 GL_ARB_texture_mirrored_repeat GL_ARB_window_pos GL_EXT_stencil_two_side GL_EXT_texture_cube_map GL_NV_fog_distance GL_APPLE_packed_pixels GL_APPLE_vertex_array_object GL_ARB_draw_buffers GL_ARB_fragment_program GL_ARB_fragment_shader GL_ARB_shader_objects GL_ARB_vertex_program GL_ARB_vertex_shader GL_ATI_draw_buffers GL_ATI_texture_env_combine3 GL_ATI_texture_float GL_EXT_shadow_funcs GL_EXT_stencil_wrap GL_MESA_pack_invert GL_NV_primitive_restart GL_ARB_fragment_program_shadow GL_ARB_half_float_pixel GL_ARB_occlusion_query2 GL_ARB_point_sprite GL_ARB_shading_language_100 GL_ARB_sync GL_ARB_texture_non_power_of_two GL_ARB_vertex_buffer_object GL_ATI_blend_equation_separate GL_EXT_blend_equation_separate GL_OES_read_format GL_ARB_color_buffer_float GL_ARB_pixel_buffer_object GL_ARB_texture_float GL_ARB_texture_rectangle GL_EXT_pixel_buffer_object GL_EXT_texture_compression_dxt1 GL_EXT_texture_rectangle GL_EXT_texture_sRGB GL_ARB_framebuffer_object GL_EXT_framebuffer_blit GL_EXT_packed_depth_stencil GL_ARB_vertex_array_object GL_ATI_separate_stencil GL_EXT_gpu_program_parameters GL_EXT_texture_sRGB_decode GL_OES_EGL_image GL_ARB_copy_buffer GL_ARB_half_float_vertex GL_ARB_map_buffer_range GL_ARB_texture_swizzle GL_ARB_vertex_array_bgra GL_EXT_texture_swizzle GL_EXT_vertex_array_bgra GL_ARB_ES2_compatibility GL_ARB_debug_output GL_ARB_draw_elements_base_vertex GL_ARB_explicit_attrib_location GL_ARB_fragment_coord_conventions GL_ARB_provoking_vertex GL_ARB_sampler_objects GL_ARB_shader_texture_lod GL_EXT_provoking_vertex GL_ARB_get_program_binary GL_ARB_robustness GL_NV_vdpau_interop GL_ANGLE_texture_compression_dxt3 GL_ANGLE_texture_compression_dxt5 GL_ARB_internalformat_query GL_ARB_map_buffer_alignment GL_ARB_texture_storage GL_AMD_shader_trinary_minmax GL_ARB_clear_buffer_object GL_ARB_invalidate_subdata GL_ARB_vertex_attrib_binding GL_KHR_debug 
18:38:40: Supported GLX extensions: GLX_ARB_create_context GLX_ARB_create_context_profile GLX_ARB_fbconfig_float GLX_ARB_framebuffer_sRGB GLX_ARB_get_proc_address GLX_ARB_multisample GLX_EXT_import_context GLX_EXT_visual_info GLX_EXT_visual_rating GLX_EXT_framebuffer_sRGB GLX_EXT_create_context_es2_profile GLX_MESA_copy_sub_buffer GLX_MESA_multithread_makecurrent GLX_MESA_swap_control GLX_OML_swap_method GLX_SGI_make_current_read GLX_SGI_video_sync GLX_SGIS_multisample GLX_SGIX_fbconfig GLX_SGIX_pbuffer GLX_SGIX_visual_select_group GLX_EXT_texture_from_pixmap 
18:38:40: ***************************
18:38:40: *** GL Renderer Started ***
18:38:40: ***************************
18:38:40: Registering ResourceManager for type GpuProgram
18:38:40: GLSL support detected
18:38:40: GL: Using GL_EXT_framebuffer_object for rendering to textures (best)
18:38:40: FBO PF_UNKNOWN depth/stencil support: D0S1 D0S4 D0S8 D0S16 D16S0 D24S0 D32S0 Packed-D24S8 
18:38:40: FBO PF_A8 depth/stencil support: D0S0 D0S1 D0S4 D0S8 D0S16 D16S0 D24S0 D32S0 Packed-D24S8 
18:38:40: FBO PF_A4L4 depth/stencil support: D0S0 D0S1 D0S4 D0S8 D0S16 D16S0 D24S0 D32S0 Packed-D24S8 
18:38:40: FBO PF_BYTE_LA depth/stencil support: D0S0 D0S1 D0S4 D0S8 D0S16 D16S0 D24S0 D32S0 Packed-D24S8 
18:38:40: FBO PF_R5G6B5 depth/stencil support: D0S0 D0S1 D0S4 D0S8 D0S16 D16S0 D24S0 D32S0 Packed-D24S8 
18:38:40: FBO PF_B5G6R5 depth/stencil support: D0S0 D0S1 D0S4 D0S8 D0S16 D16S0 D24S0 D32S0 Packed-D24S8 
18:38:40: FBO PF_A4R4G4B4 depth/stencil support: D0S0 D0S1 D0S4 D0S8 D0S16 D16S0 D24S0 D32S0 Packed-D24S8 
18:38:40: FBO PF_A1R5G5B5 depth/stencil support: D0S0 D0S1 D0S4 D0S8 D0S16 D16S0 D24S0 D32S0 Packed-D24S8 
18:38:40: FBO PF_R8G8B8 depth/stencil support: D0S0 D0S1 D0S4 D0S8 D0S16 D16S0 D24S0 D32S0 Packed-D24S8 
18:38:40: FBO PF_B8G8R8 depth/stencil support: D0S0 D0S1 D0S4 D0S8 D0S16 D16S0 D24S0 D32S0 Packed-D24S8 
18:38:40: FBO PF_A8R8G8B8 depth/stencil support: D0S0 D0S1 D0S4 D0S8 D0S16 D16S0 D24S0 D32S0 Packed-D24S8 
18:38:40: FBO PF_B8G8R8A8 depth/stencil support: D0S0 D0S1 D0S4 D0S8 D0S16 D16S0 D24S0 D32S0 Packed-D24S8 
18:38:40: FBO PF_A2R10G10B10 depth/stencil support: D0S0 D0S1 D0S4 D0S8 D0S16 D16S0 D24S0 D32S0 Packed-D24S8 
18:38:40: FBO PF_A2B10G10R10 depth/stencil support: D0S0 D0S1 D0S4 D0S8 D0S16 D16S0 D24S0 D32S0 Packed-D24S8 
18:38:40: FBO PF_FLOAT16_RGB depth/stencil support: D0S0 D0S1 D0S4 D0S8 D0S16 D16S0 D24S0 D32S0 Packed-D24S8 
18:38:40: FBO PF_FLOAT16_RGBA depth/stencil support: D0S0 D0S1 D0S4 D0S8 D0S16 D16S0 D24S0 D32S0 Packed-D24S8 
18:38:40: FBO PF_FLOAT32_RGB depth/stencil support: D0S0 D0S1 D0S4 D0S8 D0S16 D16S0 D24S0 D32S0 Packed-D24S8 
18:38:40: FBO PF_FLOAT32_RGBA depth/stencil support: D0S0 D0S1 D0S4 D0S8 D0S16 D16S0 D24S0 D32S0 Packed-D24S8 
18:38:40: FBO PF_X8R8G8B8 depth/stencil support: D0S0 D0S1 D0S4 D0S8 D0S16 D16S0 D24S0 D32S0 Packed-D24S8 
18:38:40: FBO PF_X8B8G8R8 depth/stencil support: D0S0 D0S1 D0S4 D0S8 D0S16 D16S0 D24S0 D32S0 Packed-D24S8 
18:38:40: FBO PF_SHORT_RGBA depth/stencil support: D0S0 D0S1 D0S4 D0S8 D0S16 D16S0 D24S0 D32S0 Packed-D24S8 
18:38:40: FBO PF_R3G3B2 depth/stencil support: D0S0 D0S1 D0S4 D0S8 D0S16 D16S0 D24S0 D32S0 Packed-D24S8 
18:38:40: FBO PF_FLOAT16_R depth/stencil support: D0S0 D0S1 D0S4 D0S8 D0S16 D16S0 D24S0 D32S0 Packed-D24S8 
18:38:40: FBO PF_FLOAT32_R depth/stencil support: D0S0 D0S1 D0S4 D0S8 D0S16 D16S0 D24S0 D32S0 Packed-D24S8 
18:38:40: FBO PF_SHORT_GR depth/stencil support: D0S0 D0S1 D0S4 D0S8 D0S16 D16S0 D24S0 D32S0 Packed-D24S8 
18:38:40: FBO PF_FLOAT16_GR depth/stencil support: D0S0 D0S1 D0S4 D0S8 D0S16 D16S0 D24S0 D32S0 Packed-D24S8 
18:38:40: FBO PF_FLOAT32_GR depth/stencil support: D0S0 D0S1 D0S4 D0S8 D0S16 D16S0 D24S0 D32S0 Packed-D24S8 
18:38:40: FBO PF_SHORT_RGB depth/stencil support: D0S0 D0S1 D0S4 D0S8 D0S16 D16S0 D24S0 D32S0 Packed-D24S8 
18:38:40: [GL] : Valid FBO targets PF_UNKNOWN PF_A8 PF_A4L4 PF_BYTE_LA PF_R5G6B5 PF_B5G6R5 PF_A4R4G4B4 PF_A1R5G5B5 PF_R8G8B8 PF_B8G8R8 PF_A8R8G8B8 PF_B8G8R8A8 PF_A2R10G10B10 PF_A2B10G10R10 PF_FLOAT16_RGB PF_FLOAT16_RGBA PF_FLOAT32_RGB PF_FLOAT32_RGBA PF_X8R8G8B8 PF_X8B8G8R8 PF_SHORT_RGBA PF_R3G3B2 PF_FLOAT16_R PF_FLOAT32_R PF_SHORT_GR PF_FLOAT16_GR PF_FLOAT32_GR PF_SHORT_RGB 
18:38:40: RenderSystem capabilities
18:38:40: -------------------------
18:38:40: RenderSystem Name: OpenGL Rendering Subsystem
18:38:40: GPU Vendor: unknown
18:38:40: Device Name: Gallium 0.4 on SVGA3D; build: RELEASE;  
18:38:40: Driver Version: 2.1.0.0
18:38:40:  * Fixed function pipeline: yes
18:38:40:  * Hardware generation of mipmaps: yes
18:38:40:  * Texture blending: yes
18:38:40:  * Anisotropic texture filtering: yes
18:38:40:  * Dot product texture operation: yes
18:38:40:  * Cube mapping: yes
18:38:40:  * Hardware stencil buffer: yes
18:38:40:    - Stencil depth: 8
18:38:40:    - Two sided stencil support: yes
18:38:40:    - Wrap stencil values: yes
18:38:40:  * Hardware vertex / index buffers: yes
18:38:40:  * Vertex programs: yes
18:38:40:  * Number of floating-point constants for vertex programs: 256
18:38:40:  * Number of integer constants for vertex programs: 0
18:38:40:  * Number of boolean constants for vertex programs: 0
18:38:40:  * Fragment programs: yes
18:38:40:  * Number of floating-point constants for fragment programs: 224
18:38:40:  * Number of integer constants for fragment programs: 0
18:38:40:  * Number of boolean constants for fragment programs: 0
18:38:40:  * Geometry programs: no
18:38:40:  * Number of floating-point constants for geometry programs: 0
18:38:40:  * Number of integer constants for geometry programs: 0
18:38:40:  * Number of boolean constants for geometry programs: 0
18:38:40:  * Supported Shader Profiles: arbfp1 arbvp1 glsl
18:38:40:  * Texture Compression: yes
18:38:40:    - DXT: yes
18:38:40:    - VTC: no
18:38:40:    - PVRTC: no
18:38:40:  * Scissor Rectangle: yes
18:38:40:  * Hardware Occlusion Query: yes
18:38:40:  * User clip planes: yes
18:38:40:  * VET_UBYTE4 vertex element type: yes
18:38:40:  * Infinite far plane projection: yes
18:38:40:  * Hardware render-to-texture: yes
18:38:40:  * Floating point textures: yes
18:38:40:  * Non-power-of-two textures: yes
18:38:40:  * Volume textures: yes
18:38:40:  * Multiple Render Targets: 4
18:38:40:    - With different bit depths: yes
18:38:40:  * Point Sprites: yes
18:38:40:  * Extended point parameters: yes
18:38:40:  * Max Point Size: 80
18:38:40:  * Vertex texture fetch: no
18:38:40:  * Number of world matrices: 0
18:38:40:  * Number of texture units: 16
18:38:40:  * Stencil buffer depth: 8
18:38:40:  * Number of vertex blend matrices: 0
18:38:40:  * Render to Vertex Buffer : no
18:38:40:  * GL 1.5 without VBO workaround: no
18:38:40:  * Frame Buffer objects: yes
18:38:40:  * Frame Buffer objects (ARB extension): no
18:38:40:  * Frame Buffer objects (ATI extension): no
18:38:40:  * PBuffer support: yes
18:38:40:  * GL 1.5 without HW-occlusion workaround: no
18:38:40: Registering ResourceManager for type Texture
18:38:40: DefaultWorkQueue('Root') initialising on thread 7fa5f2dd4740.
18:38:40: Particle Renderer Type 'billboard' registered
18:38:40: SceneManagerFactory for type 'BspSceneManager' registered.
18:38:40: Registering ResourceManager for type BspLevel
18:38:40: SceneManagerFactory for type 'OctreeSceneManager' registered.
18:38:40: SceneManagerFactory for type 'TerrainSceneManager' registered.
18:38:40: DefaultWorkQueue('Root')::WorkerFunc - thread 7fa5cef60700 starting.
18:38:40: Parsing scripts for resource group Autodetect
18:38:40: Finished parsing scripts for resource group Autodetect
18:38:40: Parsing scripts for resource group Bootstrap
18:38:40: Parsing script OgreCore.material
18:38:40: Parsing script OgreProfiler.material
18:38:40: Parsing script Ogre.fontdef
18:38:40: Parsing script OgreDebugPanel.overlay
18:38:40: Texture: New_Ogre_Border_Center.png: Loading 1 faces(PF_A8R8G8B8,256x128x1) with 5 hardware generated mipmaps from Image. Internal format is PF_A8R8G8B8,256x128x1.
18:38:40: Texture: New_Ogre_Border.png: Loading 1 faces(PF_A8R8G8B8,256x256x1) with 5 hardware generated mipmaps from Image. Internal format is PF_A8R8G8B8,256x256x1.
18:38:40: Texture: New_Ogre_Border_Break.png: Loading 1 faces(PF_A8R8G8B8,32x32x1) with 5 hardware generated mipmaps from Image. Internal format is PF_A8R8G8B8,32x32x1.
18:38:40: Texture: ogretext.png: Loading 1 faces(PF_A8R8G8B8,256x128x1) with 5 hardware generated mipmaps from Image. Internal format is PF_A8R8G8B8,256x128x1.
18:38:40: Parsing script OgreLoadingPanel.overlay
18:38:40: Finished parsing scripts for resource group Bootstrap
18:38:40: Parsing scripts for resource group General
18:38:40: Parsing script Examples.program
18:38:40: GLSL compiled : Ogre/BasicVertexPrograms/AmbientOneTextureGLSL
18:38:40: GLSL compiled : Ogre/HardwareSkinningTwoWeightsGLSL
18:38:40: Parsing script StdQuad_vp.program
18:38:40: Parsing script Example-Water.material
18:38:40: Parsing script instancing.material
18:38:40: GLSL compiled : InstancingGLSL
18:38:40: GLSL compiled : InstancingShadowCasterGLSL
18:38:40: GLSL compiled : CrowdGLSL
18:38:40: GLSL compiled : CrowdShadowCasterGLSL
18:38:40: Parsing script ASMSwizzle.material
18:38:40: Compiler error: object unsupported by render system in ASMSwizzle.material(1)
18:38:40: Parsing script MRTtest.material
18:38:40: GLSL compiled : Ogre/MRTtest/scenefp/GLSL
18:38:40: GLSL compiled : Ogre/MRTtest/quadfp/GLSL
18:38:40: GLSL compiled : Ogre/Compositor/StdQuad_GLSL_vp
18:38:40: Parsing script alienship.material
18:38:40: Compiler error: unknown error in alienship.material(90): token "1.0," is not recognized
18:38:40: Parsing script GLSLSwizzle.material
18:38:40: GLSL compiled : Ogre/GPTest/Passthrough_VP_GLSL
18:38:40: Parsing script SharpenEdges.material
18:38:40: Parsing script ddg51.material
18:38:40: Parsing script OldMovie.material
18:38:40: Parsing script Scene.material
18:38:40: Parsing script sleek.material
18:38:40: Parsing script OffsetMapping.material
18:38:40: Compiler error: object unsupported by render system in OffsetMapping.material(18)
18:38:40: GLSL compiled : Examples/OffsetMappingIntegratedShadowsFPglsl
18:38:40: GLSL compiled : Examples/OffsetMappingIntegratedShadowsVPglsl
18:38:40: Parsing script ParticleGS.material
18:38:40: Parsing script cigarette.material
18:38:40: Parsing script ASCII.material
18:38:40: Parsing script pssm.material
18:38:40: Parsing script Tiling.material
18:38:40: Parsing script Bloom.material
18:38:40: GLSL compiled : Blur_ps_glsl
18:38:40: GLSL compiled : Blur0_vs_glsl
18:38:40: GLSL compiled : Blur1_vs_glsl
18:38:40: Parsing script button.material
18:38:40: Parsing script cursor.material
18:38:40: Parsing script Examples-Advanced.material
18:38:40: Compiler error: object unsupported by render system in Examples-Advanced.material(381)
18:38:40: Parsing script Hurt.material
18:38:40: Parsing script Invert.material
18:38:40: Parsing script Laplace.material
18:38:40: Parsing script boat.material
18:38:40: Parsing script Ocean.material
18:38:40: GLSL compiled : GLSL/OceanVS
18:38:40: GLSL compiled : GLSL/OceanFS
18:38:40: GLSL compiled : GLSL/Ocean2VS
18:38:40: GLSL compiled : GLSL/Ocean2FS
18:38:40: Parsing script Halftone.material
18:38:40: Parsing script Bloom2.material
18:38:40: GLSL compiled : Bloom2_ps20_glsl
18:38:40: Parsing script OldTV.material
18:38:40: Parsing script Dither.material
18:38:40: Parsing script Embossed.material
18:38:40: Parsing script f1Overlay.material
18:38:40: Parsing script NightVision.material
18:38:40: Parsing script DOF.material
18:38:40: Parsing script hdr.material
18:38:40: GLSL compiled : Ogre/Compositor/HDR/downscale2x2LuminenceGLSL_fp
18:38:40: GLSL compiled : Ogre/Compositor/HDR/downscale3x3GLSL_fp
18:38:40: GLSL compiled : Ogre/Compositor/HDR/utils_fp
18:38:40: GLSL compiled : Ogre/Compositor/HDR/downscale3x3brightpassGLSL_fp
18:38:40: GLSL compiled : Ogre/Compositor/HDR/bloomGLSL_fp
18:38:40: GLSL compiled : Ogre/Compositor/HDR/utils_fp
18:38:40: GLSL compiled : Ogre/Compositor/HDR/finaltonemappingGLSL_fp
18:38:40: Parsing script OgreOcean.material
18:38:41: GLSL compiled : GLSL/OceanVS
18:38:41: GLSL compiled : GLSL/OceanFS
18:38:41: Parsing script sailboat.material
18:38:41: Compiler error: unknown error in sailboat.material(87): token "60.0," is not recognized
18:38:41: Parsing script BlackAndWhite.material
18:38:41: Parsing script CGSwizzle.material
18:38:41: Parsing script missile.material
18:38:41: Compiler error: unknown error in missile.material(7): token "59.4555039496997," is not recognized
18:38:41: Parsing script Example.material
18:38:41: OGRE EXCEPTION(2:InvalidParametersException): Parameter called camObjPos does not exist.  in GpuProgramParameters::_findNamedConstantDefinition at /home/anderen2/build/ogre/OgreMain/src/OgreGpuProgramParams.cpp (line 1433)
18:38:41: Compiler error: invalid parameters in Example.material(762): setting of constant failed
18:38:41: GLSL compiled : Ogre/HardwareSkinningTwoWeightsShadowCasterGLSL
18:38:41: Parsing script facial.material
18:38:41: Parsing script Example-DynTex.material
18:38:41: Parsing script HeatVision.material
18:38:41: Parsing script rmenu.material
18:38:41: Parsing script VarianceShadowmap.material
18:38:41: Parsing script Ogre.material
18:38:41: Parsing script cvn68.material
18:38:41: Parsing script Glass.material
18:38:41: Parsing script Posterize.material
18:38:41: Parsing script ui.material
18:38:41: Parsing script RadialBlur.material
18:38:41: Parsing script shipInfo.material
18:38:41: Parsing script IsoSurf.material
18:38:41: Parsing script wake.material
18:38:41: Parsing script DepthShadowmap.material
18:38:41: GLSL compiled : Ogre/DepthShadowmap/CasterVP_GLSL
18:38:41: GLSL compiled : Ogre/DepthShadowmap/CasterFP_GLSL
18:38:41: GLSL compiled : Ogre/DepthShadowmap/ReceiverVP_GLSL
18:38:41: GLSL compiled : Ogre/DepthShadowmap/ReceiverFP_GLSL
18:38:41: GLSL compiled : Ogre/DepthShadowmap/ReceiverFPPCF_GLSL
18:38:41: GLSL compiled : Ogre/DepthShadowmap/NormalMapReceiverVP_GLSL
18:38:41: GLSL compiled : Ogre/DepthShadowmap/NormalMapReceiverFP_GLSL
18:38:41: GLSL compiled : Ogre/DepthShadowmap/NormalMapReceiverFPPCF_GLSL
18:38:41: Parsing script smoke.material
18:38:41: Parsing script MotionBlur.material
18:38:41: Parsing script RZR-002.material
18:38:41: Parsing script PythonOgreDebugPanel.material
18:38:41: Parsing script RomanBath.material
18:38:41: Parsing script Example.particle
18:38:41: Parsing script wake.particle
18:38:41: Parsing script Example-Water.particle
18:38:41: Parsing script smoke.particle
18:38:41: Parsing script emitted_emitter.particle
18:38:41: Parsing script Examples.compositor
18:38:41: Parsing script sample.fontdef
18:38:41: Parsing script Shadows.overlay
18:38:41: Parsing script Example-CubeMapping.overlay
18:38:41: Parsing script Example-DynTex.overlay
18:38:41: Parsing script Compositor.overlay
18:38:41: Parsing script Example-Water.overlay
18:38:41: Parsing script DP3.overlay
18:38:41: Parsing script PythonOgreDebugPanel.overlay
18:38:41: Texture: popanel.png: Loading 1 faces(PF_A8R8G8B8,638x90x1) with 5 hardware generated mipmaps from Image. Internal format is PF_A8R8G8B8,638x90x1.
18:38:41: Finished parsing scripts for resource group General
18:38:41: Parsing scripts for resource group Internal
18:38:41: Finished parsing scripts for resource group Internal
18:38:41: Texture: Water01.jpg: Loading 1 faces(PF_R8G8B8,512x512x1) with 5 hardware generated mipmaps from Image. Internal format is PF_X8R8G8B8,512x512x1.
18:38:41: Texture: clouds.jpg: Loading 1 faces(PF_R8G8B8,256x256x1) with 5 hardware generated mipmaps from Image. Internal format is PF_X8R8G8B8,256x256x1.
18:38:41: Mesh: Loading cigarette.mesh.
18:38:41: WARNING: cigarette.mesh is an older format ([MeshSerializer_v1.40]); you should upgrade it as soon as possible using the OgreMeshUpgrade tool.
18:38:41: Texture: ecslHorizontal.bmp: Loading 1 faces(PF_R8G8B8,128x128x1) with 5 hardware generated mipmaps from Image. Internal format is PF_X8R8G8B8,128x128x1.
18:38:41: Mesh: Loading boat.mesh.
18:38:41: WARNING: boat.mesh is an older format ([MeshSerializer_v1.40]); you should upgrade it as soon as possible using the OgreMeshUpgrade tool.
18:38:41: Texture: ecsl.bmp: Loading 1 faces(PF_R8G8B8,128x128x1) with 5 hardware generated mipmaps from Image. Internal format is PF_X8R8G8B8,128x128x1.
18:38:41: Mesh: Loading 5086_Boat.mesh.
18:38:41: WARNING: 5086_Boat.mesh is an older format ([MeshSerializer_v1.40]); you should upgrade it as soon as possible using the OgreMeshUpgrade tool.
18:38:41: Can't assign material BLACK_mate/SOLID/TEX/ecslHorizontal.bmp to SubEntity of Fishing Boat<built-in function id> because this Material does not exist. Have you forgotten to define it in a .material script?
18:38:41: Can't assign material Black_plas/SOLID/TEX/ecslHorizontal.bmp to SubEntity of Fishing Boat<built-in function id> because this Material does not exist. Have you forgotten to define it in a .material script?
18:38:41: Can't assign material Blue_plast/SOLID/TEX/ecslHorizontal.bmp to SubEntity of Fishing Boat<built-in function id> because this Material does not exist. Have you forgotten to define it in a .material script?
18:38:41: Can't assign material boat_wood/SOLID/TEX/ecslHorizontal.bmp to SubEntity of Fishing Boat<built-in function id> because this Material does not exist. Have you forgotten to define it in a .material script?
18:38:41: Can't assign material Chrome/SOLID/TEX/ecslHorizontal.bmp to SubEntity of Fishing Boat<built-in function id> because this Material does not exist. Have you forgotten to define it in a .material script?
18:38:41: Can't assign material Glass/SOLID/TEX/ecslHorizontal.bmp to SubEntity of Fishing Boat<built-in function id> because this Material does not exist. Have you forgotten to define it in a .material script?
18:38:41: Can't assign material white_mate/SOLID/TEX/ecslHorizontal.bmp to SubEntity of Fishing Boat<built-in function id> because this Material does not exist. Have you forgotten to define it in a .material script?
18:38:41: Can't assign material White_plst/SOLID/TEX/ecslHorizontal.bmp to SubEntity of Fishing Boat<built-in function id> because this Material does not exist. Have you forgotten to define it in a .material script?
18:38:41: Mesh: Loading cvn68.mesh.
18:38:41: WARNING: cvn68.mesh is an older format ([MeshSerializer_v1.40]); you should upgrade it as soon as possible using the OgreMeshUpgrade tool.
18:38:41: Texture: ecslDark.bmp: Loading 1 faces(PF_R8G8B8,128x128x1) with 5 hardware generated mipmaps from Image. Internal format is PF_X8R8G8B8,128x128x1.
18:38:41: Mesh: Loading ddg51.mesh.
18:38:41: WARNING: ddg51.mesh is an older format ([MeshSerializer_v1.40]); you should upgrade it as soon as possible using the OgreMeshUpgrade tool.
18:38:41: Mesh: Loading sailboat.mesh.
18:38:41: WARNING: sailboat.mesh is an older format ([MeshSerializer_v1.40]); you should upgrade it as soon as possible using the OgreMeshUpgrade tool.
18:38:41: Texture: Wood_Lumber_ButtJoined.jpg: Loading 1 faces(PF_R8G8B8,512x256x1) with 5 hardware generated mipmaps from Image. Internal format is PF_X8R8G8B8,512x256x1.
18:38:41: Mesh: Loading sleek.mesh.
18:38:41: WARNING: sleek.mesh is an older format ([MeshSerializer_v1.40]); you should upgrade it as soon as possible using the OgreMeshUpgrade tool.
18:38:41: Mesh: Loading alienship.mesh.
18:38:41: WARNING: alienship.mesh is an older format ([MeshSerializer_v1.40]); you should upgrade it as soon as possible using the OgreMeshUpgrade tool.
18:38:41: Texture: ALM07.JPG: Loading 1 faces(PF_R8G8B8,512x512x1) with 5 hardware generated mipmaps from Image. Internal format is PF_X8R8G8B8,512x512x1.
18:38:41: Mesh: Loading 3699_Monterey_189_92.mesh.
18:38:41: WARNING: 3699_Monterey_189_92.mesh is an older format ([MeshSerializer_v1.40]); you should upgrade it as soon as possible using the OgreMeshUpgrade tool.
18:38:41: Can't assign material steerw to SubEntity of Monterey<built-in function id> because this Material does not exist. Have you forgotten to define it in a .material script?
18:38:41: Can't assign material color to SubEntity of Monterey<built-in function id> because this Material does not exist. Have you forgotten to define it in a .material script?
18:38:41: Can't assign material color2 to SubEntity of Monterey<built-in function id> because this Material does not exist. Have you forgotten to define it in a .material script?
18:38:41: Can't assign material dash to SubEntity of Monterey<built-in function id> because this Material does not exist. Have you forgotten to define it in a .material script?
18:38:41: Can't assign material glass to SubEntity of Monterey<built-in function id> because this Material does not exist. Have you forgotten to define it in a .material script?
18:38:41: Can't assign material hardwhit to SubEntity of Monterey<built-in function id> because this Material does not exist. Have you forgotten to define it in a .material script?
18:38:41: Can't assign material instru to SubEntity of Monterey<built-in function id> because this Material does not exist. Have you forgotten to define it in a .material script?
18:38:41: Can't assign material props to SubEntity of Monterey<built-in function id> because this Material does not exist. Have you forgotten to define it in a .material script?
18:38:41: Can't assign material softtuff to SubEntity of Monterey<built-in function id> because this Material does not exist. Have you forgotten to define it in a .material script?
18:38:41: Can't assign material steel to SubEntity of Monterey<built-in function id> because this Material does not exist. Have you forgotten to define it in a .material script?
18:38:41: Can't assign material steerb to SubEntity of Monterey<built-in function id> because this Material does not exist. Have you forgotten to define it in a .material script?
18:38:41: Can't assign material support to SubEntity of Monterey<built-in function id> because this Material does not exist. Have you forgotten to define it in a .material script?
18:38:41: Can't assign material tail to SubEntity of Monterey<built-in function id> because this Material does not exist. Have you forgotten to define it in a .material script?
18:38:41: Can't assign material wood to SubEntity of Monterey<built-in function id> because this Material does not exist. Have you forgotten to define it in a .material script?
18:38:41: Mesh: Loading 4685_Personal_Watercr.mesh.
18:38:41: WARNING: 4685_Personal_Watercr.mesh is an older format ([MeshSerializer_v1.40]); you should upgrade it as soon as possible using the OgreMeshUpgrade tool.
18:38:41: Can't assign material back to SubEntity of See-DooJet Ski<built-in function id> because this Material does not exist. Have you forgotten to define it in a .material script?
18:38:41: Can't assign material pads to SubEntity of See-DooJet Ski<built-in function id> because this Material does not exist. Have you forgotten to define it in a .material script?
18:38:41: Can't assign material fuelgage to SubEntity of See-DooJet Ski<built-in function id> because this Material does not exist. Have you forgotten to define it in a .material script?
18:38:41: Can't assign material gascap to SubEntity of See-DooJet Ski<built-in function id> because this Material does not exist. Have you forgotten to define it in a .material script?
18:38:41: Can't assign material gascap2 to SubEntity of See-DooJet Ski<built-in function id> because this Material does not exist. Have you forgotten to define it in a .material script?
18:38:41: Can't assign material housng2 to SubEntity of See-DooJet Ski<built-in function id> because this Material does not exist. Have you forgotten to define it in a .material script?
18:38:41: Can't assign material housng3 to SubEntity of See-DooJet Ski<built-in function id> because this Material does not exist. Have you forgotten to define it in a .material script?
18:38:41: Can't assign material lcdscrn to SubEntity of See-DooJet Ski<built-in function id> because this Material does not exist. Have you forgotten to define it in a .material script?
18:38:41: Can't assign material rearhk2 to SubEntity of See-DooJet Ski<built-in function id> because this Material does not exist. Have you forgotten to define it in a .material script?
18:38:41: Can't assign material seat to SubEntity of See-DooJet Ski<built-in function id> because this Material does not exist. Have you forgotten to define it in a .material script?
18:38:41: Can't assign material seat2 to SubEntity of See-DooJet Ski<built-in function id> because this Material does not exist. Have you forgotten to define it in a .material script?
18:38:41: Can't assign material stbttn to SubEntity of See-DooJet Ski<built-in function id> because this Material does not exist. Have you forgotten to define it in a .material script?
18:38:41: Can't assign material stbttn2 to SubEntity of See-DooJet Ski<built-in function id> because this Material does not exist. Have you forgotten to define it in a .material script?
18:38:41: Can't assign material stop to SubEntity of See-DooJet Ski<built-in function id> because this Material does not exist. Have you forgotten to define it in a .material script?
18:38:41: Can't assign material strtrh2 to SubEntity of See-DooJet Ski<built-in function id> because this Material does not exist. Have you forgotten to define it in a .material script?
18:38:41: Can't assign material strtrh3 to SubEntity of See-DooJet Ski<built-in function id> because this Material does not exist. Have you forgotten to define it in a .material script?
18:38:41: Mesh: Loading missile.mesh.
18:38:41: WARNING: missile.mesh is an older format ([MeshSerializer_v1.40]); you should upgrade it as soon as possible using the OgreMeshUpgrade tool.
18:38:41: Texture: Metal.jpg: Loading 1 faces(PF_R8G8B8,360x360x1) with 5 hardware generated mipmaps from Image. Internal format is PF_X8R8G8B8,360x360x1.
18:38:41: Font BlueHighwayusing texture size 512x512
18:38:41: Info: Freetype returned null for character 127 in font BlueHighway
18:38:41: Info: Freetype returned null for character 128 in font BlueHighway
18:38:41: Info: Freetype returned null for character 129 in font BlueHighway
18:38:41: Info: Freetype returned null for character 130 in font BlueHighway
18:38:41: Info: Freetype returned null for character 131 in font BlueHighway
18:38:41: Info: Freetype returned null for character 132 in font BlueHighway
18:38:41: Info: Freetype returned null for character 133 in font BlueHighway
18:38:41: Info: Freetype returned null for character 134 in font BlueHighway
18:38:41: Info: Freetype returned null for character 135 in font BlueHighway
18:38:41: Info: Freetype returned null for character 136 in font BlueHighway
18:38:41: Info: Freetype returned null for character 137 in font BlueHighway
18:38:41: Info: Freetype returned null for character 138 in font BlueHighway
18:38:41: Info: Freetype returned null for character 139 in font BlueHighway
18:38:41: Info: Freetype returned null for character 140 in font BlueHighway
18:38:41: Info: Freetype returned null for character 141 in font BlueHighway
18:38:41: Info: Freetype returned null for character 142 in font BlueHighway
18:38:41: Info: Freetype returned null for character 143 in font BlueHighway
18:38:41: Info: Freetype returned null for character 144 in font BlueHighway
18:38:41: Info: Freetype returned null for character 145 in font BlueHighway
18:38:41: Info: Freetype returned null for character 146 in font BlueHighway
18:38:41: Info: Freetype returned null for character 147 in font BlueHighway
18:38:41: Info: Freetype returned null for character 148 in font BlueHighway
18:38:41: Info: Freetype returned null for character 149 in font BlueHighway
18:38:41: Info: Freetype returned null for character 150 in font BlueHighway
18:38:41: Info: Freetype returned null for character 151 in font BlueHighway
18:38:41: Info: Freetype returned null for character 152 in font BlueHighway
18:38:41: Info: Freetype returned null for character 153 in font BlueHighway
18:38:41: Info: Freetype returned null for character 154 in font BlueHighway
18:38:41: Info: Freetype returned null for character 155 in font BlueHighway
18:38:41: Info: Freetype returned null for character 156 in font BlueHighway
18:38:41: Info: Freetype returned null for character 157 in font BlueHighway
18:38:41: Info: Freetype returned null for character 158 in font BlueHighway
18:38:41: Info: Freetype returned null for character 159 in font BlueHighway
18:38:41: Info: Freetype returned null for character 160 in font BlueHighway
18:38:41: Texture: BlueHighwayTexture: Loading 1 faces(PF_BYTE_LA,512x512x1) with  hardware generated mipmaps from Image. Internal format is PF_BYTE_LA,512x512x1.
18:38:45: DefaultWorkQueue('Root') shutting down on thread 7fa5f2dd4740.
18:38:45: DefaultWorkQueue('Root')::WorkerFunc - thread 7fa5cef60700 stopped.
18:38:45: Unregistering ResourceManager for type BspLevel
18:38:45: *-*-* OGRE Shutdown
18:38:45: Unregistering ResourceManager for type Compositor
18:38:45: Unregistering ResourceManager for type Font
18:38:45: Unregistering ResourceManager for type Skeleton
18:38:45: Unregistering ResourceManager for type Mesh
18:38:45: Unregistering ResourceManager for type HighLevelGpuProgram
18:38:45: Uninstalling plugin: Cg Program Manager
18:38:45: Plugin successfully uninstalled
18:38:45: Unloading library /usr/lib/OGRE/Plugin_CgProgramManager
18:38:45: Uninstalling plugin: Octree & Terrain Scene Manager
18:38:45: Plugin successfully uninstalled
18:38:45: Unloading library /usr/lib/OGRE/Plugin_OctreeSceneManager
18:38:45: Uninstalling plugin: BSP Scene Manager
18:38:45: Plugin successfully uninstalled
18:38:45: Unloading library /usr/lib/OGRE/Plugin_BSPSceneManager
18:38:45: Uninstalling plugin: ParticleFX
18:38:45: Plugin successfully uninstalled
18:38:45: Unloading library /usr/lib/OGRE/Plugin_ParticleFX
18:38:45: Uninstalling plugin: GL RenderSystem
18:38:45: Unregistering ResourceManager for type GpuProgram
18:38:45: ******************************
*** Stopping GLX Subsystem ***
******************************
18:38:45: Unregistering ResourceManager for type Texture
18:38:45: Plugin successfully uninstalled
18:38:45: Unloading library /usr/lib/OGRE/RenderSystem_GL
18:38:45: Unregistering ResourceManager for type Material
