18:34:53: Creating resource group General
18:34:53: Creating resource group Internal
18:34:53: Creating resource group Autodetect
18:34:53: SceneManagerFactory for type 'DefaultSceneManager' registered.
18:34:53: Registering ResourceManager for type Material
18:34:53: Registering ResourceManager for type Mesh
18:34:53: Registering ResourceManager for type Skeleton
18:34:53: MovableObjectFactory for type 'ParticleSystem' registered.
18:34:53: OverlayElementFactory for type Panel registered.
18:34:53: OverlayElementFactory for type BorderPanel registered.
18:34:53: OverlayElementFactory for type TextArea registered.
18:34:53: Registering ResourceManager for type Font
18:34:53: ArchiveFactory for archive type FileSystem registered.
18:34:53: ArchiveFactory for archive type Zip registered.
18:34:53: DDS codec registering
18:34:53: FreeImage version: 3.15.4
18:34:53: This program uses FreeImage, a free, open source image library supporting all common bitmap formats. See http://freeimage.sourceforge.net for details
18:34:53: Supported formats: bmp,ico,jpg,jif,jpeg,jpe,jng,koa,iff,lbm,mng,pbm,pbm,pcd,pcx,pgm,pgm,png,ppm,ppm,ras,tga,targa,tif,tiff,wap,wbmp,wbm,psd,cut,xbm,xpm,gif,hdr,g3,sgi,exr,j2k,j2c,jp2,pfm,pct,pict,pic,3fr,arw,bay,bmq,cap,cine,cr2,crw,cs1,dc2,dcr,drf,dsc,dng,erf,fff,ia,iiq,k25,kc2,kdc,mdc,mef,mos,mrw,nef,nrw,orf,pef,ptx,pxn,qtk,raf,raw,rdc,rw2,rwl,rwz,sr2,srf,srw,sti
18:34:53: Registering ResourceManager for type HighLevelGpuProgram
18:34:53: Registering ResourceManager for type Compositor
18:34:53: MovableObjectFactory for type 'Entity' registered.
18:34:53: MovableObjectFactory for type 'Light' registered.
18:34:53: MovableObjectFactory for type 'BillboardSet' registered.
18:34:53: MovableObjectFactory for type 'ManualObject' registered.
18:34:53: MovableObjectFactory for type 'BillboardChain' registered.
18:34:53: MovableObjectFactory for type 'RibbonTrail' registered.
18:34:53: Loading library /usr/lib/OGRE/RenderSystem_GL
18:34:53: Installing plugin: GL RenderSystem
18:34:53: OpenGL Rendering Subsystem created.
18:34:53: Plugin successfully installed
18:34:53: Loading library /usr/lib/OGRE/Plugin_ParticleFX
18:34:53: Installing plugin: ParticleFX
18:34:53: Particle Emitter Type 'Point' registered
18:34:53: Particle Emitter Type 'Box' registered
18:34:53: Particle Emitter Type 'Ellipsoid' registered
18:34:53: Particle Emitter Type 'Cylinder' registered
18:34:53: Particle Emitter Type 'Ring' registered
18:34:53: Particle Emitter Type 'HollowEllipsoid' registered
18:34:53: Particle Affector Type 'LinearForce' registered
18:34:53: Particle Affector Type 'ColourFader' registered
18:34:53: Particle Affector Type 'ColourFader2' registered
18:34:53: Particle Affector Type 'ColourImage' registered
18:34:53: Particle Affector Type 'ColourInterpolator' registered
18:34:53: Particle Affector Type 'Scaler' registered
18:34:53: Particle Affector Type 'Rotator' registered
18:34:53: Particle Affector Type 'DirectionRandomiser' registered
18:34:53: Particle Affector Type 'DeflectorPlane' registered
18:34:53: Plugin successfully installed
18:34:53: Loading library /usr/lib/OGRE/Plugin_BSPSceneManager
18:34:53: Installing plugin: BSP Scene Manager
18:34:53: Plugin successfully installed
18:34:53: Loading library /usr/lib/OGRE/Plugin_OctreeSceneManager
18:34:53: Installing plugin: Octree & Terrain Scene Manager
18:34:53: Plugin successfully installed
18:34:53: Loading library /usr/lib/OGRE/Plugin_CgProgramManager
18:34:53: Installing plugin: Cg Program Manager
18:34:53: Plugin successfully installed
18:34:53: *-*-* OGRE Initialising
18:34:53: *-*-* Version 1.7.2 (Cthugha)
18:34:53: Creating resource group Bootstrap
18:34:53: Added resource location 'media/packs/OgreCore.zip' of type 'Zip' to resource group 'Bootstrap'
18:34:53: Added resource location 'media' of type 'FileSystem' to resource group 'General'
18:34:53: Added resource location 'media/fonts' of type 'FileSystem' to resource group 'General'
18:34:53: Added resource location 'media/sounds' of type 'FileSystem' to resource group 'General'
18:34:53: Added resource location 'media/Audio' of type 'FileSystem' to resource group 'General'
18:34:53: Added resource location 'media/materials/programs' of type 'FileSystem' to resource group 'General'
18:34:53: Added resource location 'media/materials/scripts' of type 'FileSystem' to resource group 'General'
18:34:53: Added resource location 'media/materials/textures' of type 'FileSystem' to resource group 'General'
18:34:53: Added resource location 'media/models' of type 'FileSystem' to resource group 'General'
18:34:53: Added resource location 'media/overlays' of type 'FileSystem' to resource group 'General'
18:34:53: Added resource location 'media/particle' of type 'FileSystem' to resource group 'General'
18:34:53: Added resource location 'media/gui' of type 'FileSystem' to resource group 'General'
18:34:53: Added resource location 'media/packs/cubemap.zip' of type 'Zip' to resource group 'General'
18:34:53: Added resource location 'media/packs/cubemapsJS.zip' of type 'Zip' to resource group 'General'
18:34:53: Added resource location 'media/packs/dragon.zip' of type 'Zip' to resource group 'General'
18:34:53: Added resource location 'media/packs/fresneldemo.zip' of type 'Zip' to resource group 'General'
18:34:53: Added resource location 'media/packs/ogretestmap.zip' of type 'Zip' to resource group 'General'
18:34:53: Added resource location 'media/packs/skybox.zip' of type 'Zip' to resource group 'General'
18:35:00: CPU Identifier & Features
18:35:00: -------------------------
18:35:00:  *   CPU ID: GenuineIntel: Intel(R) Core(TM) i7-4510U CPU @ 2.00GHz
18:35:00:  *      SSE: yes
18:35:00:  *     SSE2: yes
18:35:00:  *     SSE3: yes
18:35:00:  *      MMX: yes
18:35:00:  *   MMXEXT: yes
18:35:00:  *    3DNOW: no
18:35:00:  * 3DNOWEXT: no
18:35:00:  *     CMOV: yes
18:35:00:  *      TSC: yes
18:35:00:  *      FPU: yes
18:35:00:  *      PRO: yes
18:35:00:  *       HT: no
18:35:00: -------------------------
18:35:00: ******************************
*** Starting GLX Subsystem ***
******************************
18:35:00: GLRenderSystem::_createRenderWindow "/home/bandith/Documents/CS381/GameEnginePipeline/381/assignment03.py", 1024x768 windowed  miscParams: FSAA=0 displayFrequency=60 MHz gamma=No vsync=No 
18:35:00: GLXWindow::create used FBConfigID = 163
18:35:00: GL_VERSION = 2.1 Mesa 10.1.3
18:35:00: GL_VENDOR = VMware, Inc.
18:35:00: GL_RENDERER = Gallium 0.4 on SVGA3D; build: RELEASE;  
18:35:00: GL_EXTENSIONS = GL_ARB_multisample GL_EXT_abgr GL_EXT_bgra GL_EXT_blend_color GL_EXT_blend_minmax GL_EXT_blend_subtract GL_EXT_copy_texture GL_EXT_polygon_offset GL_EXT_subtexture GL_EXT_texture_object GL_EXT_vertex_array GL_EXT_compiled_vertex_array GL_EXT_texture GL_EXT_texture3D GL_IBM_rasterpos_clip GL_ARB_point_parameters GL_EXT_draw_range_elements GL_EXT_packed_pixels GL_EXT_point_parameters GL_EXT_rescale_normal GL_EXT_separate_specular_color GL_EXT_texture_edge_clamp GL_SGIS_generate_mipmap GL_SGIS_texture_border_clamp GL_SGIS_texture_edge_clamp GL_SGIS_texture_lod GL_ARB_framebuffer_sRGB GL_ARB_multitexture GL_EXT_framebuffer_sRGB GL_IBM_multimode_draw_arrays GL_IBM_texture_mirrored_repeat GL_ARB_texture_cube_map GL_ARB_texture_env_add GL_ARB_transpose_matrix GL_EXT_blend_func_separate GL_EXT_fog_coord GL_EXT_multi_draw_arrays GL_EXT_secondary_color GL_EXT_texture_env_add GL_EXT_texture_filter_anisotropic GL_EXT_texture_lod_bias GL_INGR_blend_func_separate GL_NV_blend_square GL_NV_light_max_exponent GL_NV_texgen_reflection GL_NV_texture_env_combine4 GL_S3_s3tc GL_SUN_multi_draw_arrays GL_ARB_texture_border_clamp GL_ARB_texture_compression GL_EXT_framebuffer_object GL_EXT_texture_compression_s3tc GL_EXT_texture_env_combine GL_EXT_texture_env_dot3 GL_MESA_window_pos GL_NV_packed_depth_stencil GL_NV_texture_rectangle GL_ARB_depth_texture GL_ARB_occlusion_query GL_ARB_shadow GL_ARB_texture_env_combine GL_ARB_texture_env_crossbar GL_ARB_texture_env_dot3 GL_ARB_texture_mirrored_repeat GL_ARB_window_pos GL_EXT_stencil_two_side GL_EXT_texture_cube_map GL_NV_fog_distance GL_APPLE_packed_pixels GL_APPLE_vertex_array_object GL_ARB_draw_buffers GL_ARB_fragment_program GL_ARB_fragment_shader GL_ARB_shader_objects GL_ARB_vertex_program GL_ARB_vertex_shader GL_ATI_draw_buffers GL_ATI_texture_env_combine3 GL_ATI_texture_float GL_EXT_shadow_funcs GL_EXT_stencil_wrap GL_MESA_pack_invert GL_NV_primitive_restart GL_ARB_fragment_program_shadow GL_ARB_half_float_pixel GL_ARB_occlusion_query2 GL_ARB_point_sprite GL_ARB_shading_language_100 GL_ARB_sync GL_ARB_texture_non_power_of_two GL_ARB_vertex_buffer_object GL_ATI_blend_equation_separate GL_EXT_blend_equation_separate GL_OES_read_format GL_ARB_color_buffer_float GL_ARB_pixel_buffer_object GL_ARB_texture_float GL_ARB_texture_rectangle GL_EXT_pixel_buffer_object GL_EXT_texture_compression_dxt1 GL_EXT_texture_rectangle GL_EXT_texture_sRGB GL_ARB_framebuffer_object GL_EXT_framebuffer_blit GL_EXT_packed_depth_stencil GL_ARB_vertex_array_object GL_ATI_separate_stencil GL_EXT_gpu_program_parameters GL_EXT_texture_sRGB_decode GL_OES_EGL_image GL_ARB_copy_buffer GL_ARB_half_float_vertex GL_ARB_map_buffer_range GL_ARB_texture_swizzle GL_ARB_vertex_array_bgra GL_EXT_texture_swizzle GL_EXT_vertex_array_bgra GL_ARB_ES2_compatibility GL_ARB_debug_output GL_ARB_draw_elements_base_vertex GL_ARB_explicit_attrib_location GL_ARB_fragment_coord_conventions GL_ARB_provoking_vertex GL_ARB_sampler_objects GL_ARB_shader_texture_lod GL_EXT_provoking_vertex GL_ARB_get_program_binary GL_ARB_robustness GL_NV_vdpau_interop GL_ANGLE_texture_compression_dxt3 GL_ANGLE_texture_compression_dxt5 GL_ARB_internalformat_query GL_ARB_map_buffer_alignment GL_ARB_texture_storage GL_AMD_shader_trinary_minmax GL_ARB_clear_buffer_object GL_ARB_invalidate_subdata GL_ARB_vertex_attrib_binding GL_KHR_debug 
18:35:00: Supported GLX extensions: GLX_ARB_create_context GLX_ARB_create_context_profile GLX_ARB_fbconfig_float GLX_ARB_framebuffer_sRGB GLX_ARB_get_proc_address GLX_ARB_multisample GLX_EXT_import_context GLX_EXT_visual_info GLX_EXT_visual_rating GLX_EXT_framebuffer_sRGB GLX_EXT_create_context_es2_profile GLX_MESA_copy_sub_buffer GLX_MESA_multithread_makecurrent GLX_MESA_swap_control GLX_OML_swap_method GLX_SGI_make_current_read GLX_SGI_video_sync GLX_SGIS_multisample GLX_SGIX_fbconfig GLX_SGIX_pbuffer GLX_SGIX_visual_select_group GLX_EXT_texture_from_pixmap 
18:35:00: ***************************
18:35:00: *** GL Renderer Started ***
18:35:00: ***************************
18:35:00: Registering ResourceManager for type GpuProgram
18:35:00: GLSL support detected
18:35:00: GL: Using GL_EXT_framebuffer_object for rendering to textures (best)
18:35:00: FBO PF_UNKNOWN depth/stencil support: D0S1 D0S4 D0S8 D0S16 D16S0 D24S0 D32S0 Packed-D24S8 
18:35:00: FBO PF_A8 depth/stencil support: D0S0 D0S1 D0S4 D0S8 D0S16 D16S0 D24S0 D32S0 Packed-D24S8 
18:35:00: FBO PF_A4L4 depth/stencil support: D0S0 D0S1 D0S4 D0S8 D0S16 D16S0 D24S0 D32S0 Packed-D24S8 
18:35:00: FBO PF_BYTE_LA depth/stencil support: D0S0 D0S1 D0S4 D0S8 D0S16 D16S0 D24S0 D32S0 Packed-D24S8 
18:35:00: FBO PF_R5G6B5 depth/stencil support: D0S0 D0S1 D0S4 D0S8 D0S16 D16S0 D24S0 D32S0 Packed-D24S8 
18:35:00: FBO PF_B5G6R5 depth/stencil support: D0S0 D0S1 D0S4 D0S8 D0S16 D16S0 D24S0 D32S0 Packed-D24S8 
18:35:00: FBO PF_A4R4G4B4 depth/stencil support: D0S0 D0S1 D0S4 D0S8 D0S16 D16S0 D24S0 D32S0 Packed-D24S8 
18:35:00: FBO PF_A1R5G5B5 depth/stencil support: D0S0 D0S1 D0S4 D0S8 D0S16 D16S0 D24S0 D32S0 Packed-D24S8 
18:35:00: FBO PF_R8G8B8 depth/stencil support: D0S0 D0S1 D0S4 D0S8 D0S16 D16S0 D24S0 D32S0 Packed-D24S8 
18:35:00: FBO PF_B8G8R8 depth/stencil support: D0S0 D0S1 D0S4 D0S8 D0S16 D16S0 D24S0 D32S0 Packed-D24S8 
18:35:00: FBO PF_A8R8G8B8 depth/stencil support: D0S0 D0S1 D0S4 D0S8 D0S16 D16S0 D24S0 D32S0 Packed-D24S8 
18:35:00: FBO PF_B8G8R8A8 depth/stencil support: D0S0 D0S1 D0S4 D0S8 D0S16 D16S0 D24S0 D32S0 Packed-D24S8 
18:35:00: FBO PF_A2R10G10B10 depth/stencil support: D0S0 D0S1 D0S4 D0S8 D0S16 D16S0 D24S0 D32S0 Packed-D24S8 
18:35:00: FBO PF_A2B10G10R10 depth/stencil support: D0S0 D0S1 D0S4 D0S8 D0S16 D16S0 D24S0 D32S0 Packed-D24S8 
18:35:00: FBO PF_FLOAT16_RGB depth/stencil support: D0S0 D0S1 D0S4 D0S8 D0S16 D16S0 D24S0 D32S0 Packed-D24S8 
18:35:00: FBO PF_FLOAT16_RGBA depth/stencil support: D0S0 D0S1 D0S4 D0S8 D0S16 D16S0 D24S0 D32S0 Packed-D24S8 
18:35:00: FBO PF_FLOAT32_RGB depth/stencil support: D0S0 D0S1 D0S4 D0S8 D0S16 D16S0 D24S0 D32S0 Packed-D24S8 
18:35:00: FBO PF_FLOAT32_RGBA depth/stencil support: D0S0 D0S1 D0S4 D0S8 D0S16 D16S0 D24S0 D32S0 Packed-D24S8 
18:35:00: FBO PF_X8R8G8B8 depth/stencil support: D0S0 D0S1 D0S4 D0S8 D0S16 D16S0 D24S0 D32S0 Packed-D24S8 
18:35:00: FBO PF_X8B8G8R8 depth/stencil support: D0S0 D0S1 D0S4 D0S8 D0S16 D16S0 D24S0 D32S0 Packed-D24S8 
18:35:00: FBO PF_SHORT_RGBA depth/stencil support: D0S0 D0S1 D0S4 D0S8 D0S16 D16S0 D24S0 D32S0 Packed-D24S8 
18:35:00: FBO PF_R3G3B2 depth/stencil support: D0S0 D0S1 D0S4 D0S8 D0S16 D16S0 D24S0 D32S0 Packed-D24S8 
18:35:00: FBO PF_FLOAT16_R depth/stencil support: D0S0 D0S1 D0S4 D0S8 D0S16 D16S0 D24S0 D32S0 Packed-D24S8 
18:35:00: FBO PF_FLOAT32_R depth/stencil support: D0S0 D0S1 D0S4 D0S8 D0S16 D16S0 D24S0 D32S0 Packed-D24S8 
18:35:00: FBO PF_SHORT_GR depth/stencil support: D0S0 D0S1 D0S4 D0S8 D0S16 D16S0 D24S0 D32S0 Packed-D24S8 
18:35:00: FBO PF_FLOAT16_GR depth/stencil support: D0S0 D0S1 D0S4 D0S8 D0S16 D16S0 D24S0 D32S0 Packed-D24S8 
18:35:00: FBO PF_FLOAT32_GR depth/stencil support: D0S0 D0S1 D0S4 D0S8 D0S16 D16S0 D24S0 D32S0 Packed-D24S8 
18:35:00: FBO PF_SHORT_RGB depth/stencil support: D0S0 D0S1 D0S4 D0S8 D0S16 D16S0 D24S0 D32S0 Packed-D24S8 
18:35:00: [GL] : Valid FBO targets PF_UNKNOWN PF_A8 PF_A4L4 PF_BYTE_LA PF_R5G6B5 PF_B5G6R5 PF_A4R4G4B4 PF_A1R5G5B5 PF_R8G8B8 PF_B8G8R8 PF_A8R8G8B8 PF_B8G8R8A8 PF_A2R10G10B10 PF_A2B10G10R10 PF_FLOAT16_RGB PF_FLOAT16_RGBA PF_FLOAT32_RGB PF_FLOAT32_RGBA PF_X8R8G8B8 PF_X8B8G8R8 PF_SHORT_RGBA PF_R3G3B2 PF_FLOAT16_R PF_FLOAT32_R PF_SHORT_GR PF_FLOAT16_GR PF_FLOAT32_GR PF_SHORT_RGB 
18:35:00: RenderSystem capabilities
18:35:00: -------------------------
18:35:00: RenderSystem Name: OpenGL Rendering Subsystem
18:35:00: GPU Vendor: unknown
18:35:00: Device Name: Gallium 0.4 on SVGA3D; build: RELEASE;  
18:35:00: Driver Version: 2.1.0.0
18:35:00:  * Fixed function pipeline: yes
18:35:00:  * Hardware generation of mipmaps: yes
18:35:00:  * Texture blending: yes
18:35:00:  * Anisotropic texture filtering: yes
18:35:00:  * Dot product texture operation: yes
18:35:00:  * Cube mapping: yes
18:35:00:  * Hardware stencil buffer: yes
18:35:00:    - Stencil depth: 8
18:35:00:    - Two sided stencil support: yes
18:35:00:    - Wrap stencil values: yes
18:35:00:  * Hardware vertex / index buffers: yes
18:35:00:  * Vertex programs: yes
18:35:00:  * Number of floating-point constants for vertex programs: 256
18:35:00:  * Number of integer constants for vertex programs: 0
18:35:00:  * Number of boolean constants for vertex programs: 0
18:35:00:  * Fragment programs: yes
18:35:00:  * Number of floating-point constants for fragment programs: 224
18:35:00:  * Number of integer constants for fragment programs: 0
18:35:00:  * Number of boolean constants for fragment programs: 0
18:35:00:  * Geometry programs: no
18:35:00:  * Number of floating-point constants for geometry programs: 0
18:35:00:  * Number of integer constants for geometry programs: 0
18:35:00:  * Number of boolean constants for geometry programs: 0
18:35:00:  * Supported Shader Profiles: arbfp1 arbvp1 glsl
18:35:00:  * Texture Compression: yes
18:35:00:    - DXT: yes
18:35:00:    - VTC: no
18:35:00:    - PVRTC: no
18:35:00:  * Scissor Rectangle: yes
18:35:00:  * Hardware Occlusion Query: yes
18:35:00:  * User clip planes: yes
18:35:00:  * VET_UBYTE4 vertex element type: yes
18:35:00:  * Infinite far plane projection: yes
18:35:00:  * Hardware render-to-texture: yes
18:35:00:  * Floating point textures: yes
18:35:00:  * Non-power-of-two textures: yes
18:35:00:  * Volume textures: yes
18:35:00:  * Multiple Render Targets: 4
18:35:00:    - With different bit depths: yes
18:35:00:  * Point Sprites: yes
18:35:00:  * Extended point parameters: yes
18:35:00:  * Max Point Size: 80
18:35:00:  * Vertex texture fetch: no
18:35:00:  * Number of world matrices: 0
18:35:00:  * Number of texture units: 16
18:35:00:  * Stencil buffer depth: 8
18:35:00:  * Number of vertex blend matrices: 0
18:35:00:  * Render to Vertex Buffer : no
18:35:00:  * GL 1.5 without VBO workaround: no
18:35:00:  * Frame Buffer objects: yes
18:35:00:  * Frame Buffer objects (ARB extension): no
18:35:00:  * Frame Buffer objects (ATI extension): no
18:35:00:  * PBuffer support: yes
18:35:00:  * GL 1.5 without HW-occlusion workaround: no
18:35:00: Registering ResourceManager for type Texture
18:35:00: DefaultWorkQueue('Root') initialising on thread 7f8f0ddb0740.
18:35:00: Particle Renderer Type 'billboard' registered
18:35:00: SceneManagerFactory for type 'BspSceneManager' registered.
18:35:00: Registering ResourceManager for type BspLevel
18:35:00: SceneManagerFactory for type 'OctreeSceneManager' registered.
18:35:00: SceneManagerFactory for type 'TerrainSceneManager' registered.
18:35:00: DefaultWorkQueue('Root')::WorkerFunc - thread 7f8ee9f3c700 starting.
18:35:00: Parsing scripts for resource group Autodetect
18:35:00: Finished parsing scripts for resource group Autodetect
18:35:00: Parsing scripts for resource group Bootstrap
18:35:00: Parsing script OgreCore.material
18:35:00: Parsing script OgreProfiler.material
18:35:00: Parsing script Ogre.fontdef
18:35:00: Parsing script OgreDebugPanel.overlay
18:35:00: Texture: New_Ogre_Border_Center.png: Loading 1 faces(PF_A8R8G8B8,256x128x1) with 5 hardware generated mipmaps from Image. Internal format is PF_A8R8G8B8,256x128x1.
18:35:00: Texture: New_Ogre_Border.png: Loading 1 faces(PF_A8R8G8B8,256x256x1) with 5 hardware generated mipmaps from Image. Internal format is PF_A8R8G8B8,256x256x1.
18:35:01: Texture: New_Ogre_Border_Break.png: Loading 1 faces(PF_A8R8G8B8,32x32x1) with 5 hardware generated mipmaps from Image. Internal format is PF_A8R8G8B8,32x32x1.
18:35:01: Texture: ogretext.png: Loading 1 faces(PF_A8R8G8B8,256x128x1) with 5 hardware generated mipmaps from Image. Internal format is PF_A8R8G8B8,256x128x1.
18:35:01: Parsing script OgreLoadingPanel.overlay
18:35:01: Finished parsing scripts for resource group Bootstrap
18:35:01: Parsing scripts for resource group General
18:35:01: Parsing script Examples.program
18:35:01: GLSL compiled : Ogre/BasicVertexPrograms/AmbientOneTextureGLSL
18:35:01: GLSL compiled : Ogre/HardwareSkinningTwoWeightsGLSL
18:35:01: Parsing script StdQuad_vp.program
18:35:01: Parsing script Example-Water.material
18:35:01: Parsing script instancing.material
18:35:01: GLSL compiled : InstancingGLSL
18:35:01: GLSL compiled : InstancingShadowCasterGLSL
18:35:01: GLSL compiled : CrowdGLSL
18:35:01: GLSL compiled : CrowdShadowCasterGLSL
18:35:01: Parsing script ASMSwizzle.material
18:35:01: Compiler error: object unsupported by render system in ASMSwizzle.material(1)
18:35:01: Parsing script MRTtest.material
18:35:01: GLSL compiled : Ogre/MRTtest/scenefp/GLSL
18:35:01: GLSL compiled : Ogre/MRTtest/quadfp/GLSL
18:35:01: GLSL compiled : Ogre/Compositor/StdQuad_GLSL_vp
18:35:01: Parsing script GLSLSwizzle.material
18:35:01: GLSL compiled : Ogre/GPTest/Passthrough_VP_GLSL
18:35:01: Parsing script SharpenEdges.material
18:35:01: Parsing script OldMovie.material
18:35:01: Parsing script OffsetMapping.material
18:35:01: Compiler error: object unsupported by render system in OffsetMapping.material(18)
18:35:01: GLSL compiled : Examples/OffsetMappingIntegratedShadowsFPglsl
18:35:01: GLSL compiled : Examples/OffsetMappingIntegratedShadowsVPglsl
18:35:01: Parsing script ParticleGS.material
18:35:01: Parsing script ASCII.material
18:35:01: Parsing script pssm.material
18:35:01: Parsing script Tiling.material
18:35:01: Parsing script Bloom.material
18:35:01: GLSL compiled : Blur_ps_glsl
18:35:01: GLSL compiled : Blur0_vs_glsl
18:35:01: GLSL compiled : Blur1_vs_glsl
18:35:01: Parsing script Examples-Advanced.material
18:35:01: Compiler error: object unsupported by render system in Examples-Advanced.material(381)
18:35:01: Parsing script Hurt.material
18:35:01: Parsing script Invert.material
18:35:01: Parsing script Laplace.material
18:35:01: Parsing script Ocean.material
18:35:01: GLSL compiled : GLSL/OceanVS
18:35:01: GLSL compiled : GLSL/OceanFS
18:35:01: GLSL compiled : GLSL/Ocean2VS
18:35:01: GLSL compiled : GLSL/Ocean2FS
18:35:01: Parsing script Halftone.material
18:35:01: Parsing script Bloom2.material
18:35:01: GLSL compiled : Bloom2_ps20_glsl
18:35:01: Parsing script OldTV.material
18:35:01: Parsing script Dither.material
18:35:01: Parsing script Embossed.material
18:35:01: Parsing script NightVision.material
18:35:01: Parsing script DOF.material
18:35:01: Parsing script hdr.material
18:35:01: GLSL compiled : Ogre/Compositor/HDR/downscale2x2LuminenceGLSL_fp
18:35:01: GLSL compiled : Ogre/Compositor/HDR/downscale3x3GLSL_fp
18:35:01: GLSL compiled : Ogre/Compositor/HDR/utils_fp
18:35:01: GLSL compiled : Ogre/Compositor/HDR/downscale3x3brightpassGLSL_fp
18:35:01: GLSL compiled : Ogre/Compositor/HDR/bloomGLSL_fp
18:35:01: GLSL compiled : Ogre/Compositor/HDR/utils_fp
18:35:01: GLSL compiled : Ogre/Compositor/HDR/finaltonemappingGLSL_fp
18:35:01: Parsing script BlackAndWhite.material
18:35:01: Parsing script CGSwizzle.material
18:35:01: Parsing script Example.material
18:35:01: OGRE EXCEPTION(2:InvalidParametersException): Parameter called camObjPos does not exist.  in GpuProgramParameters::_findNamedConstantDefinition at /home/anderen2/build/ogre/OgreMain/src/OgreGpuProgramParams.cpp (line 1433)
18:35:01: Compiler error: invalid parameters in Example.material(762): setting of constant failed
18:35:01: GLSL compiled : Ogre/HardwareSkinningTwoWeightsShadowCasterGLSL
18:35:01: Parsing script facial.material
18:35:01: Parsing script Example-DynTex.material
18:35:01: Parsing script HeatVision.material
18:35:01: Parsing script VarianceShadowmap.material
18:35:01: Parsing script Ogre.material
18:35:01: Parsing script Glass.material
18:35:01: Parsing script Posterize.material
18:35:01: Parsing script RadialBlur.material
18:35:01: Parsing script IsoSurf.material
18:35:01: Parsing script DepthShadowmap.material
18:35:01: GLSL compiled : Ogre/DepthShadowmap/CasterVP_GLSL
18:35:01: GLSL compiled : Ogre/DepthShadowmap/CasterFP_GLSL
18:35:01: GLSL compiled : Ogre/DepthShadowmap/ReceiverVP_GLSL
18:35:01: GLSL compiled : Ogre/DepthShadowmap/ReceiverFP_GLSL
18:35:01: GLSL compiled : Ogre/DepthShadowmap/ReceiverFPPCF_GLSL
18:35:01: GLSL compiled : Ogre/DepthShadowmap/NormalMapReceiverVP_GLSL
18:35:01: GLSL compiled : Ogre/DepthShadowmap/NormalMapReceiverFP_GLSL
18:35:01: GLSL compiled : Ogre/DepthShadowmap/NormalMapReceiverFPPCF_GLSL
18:35:01: Parsing script smoke.material
18:35:01: Parsing script MotionBlur.material
18:35:01: Parsing script RZR-002.material
18:35:01: Parsing script PythonOgreDebugPanel.material
18:35:01: Parsing script RomanBath.material
18:35:01: Parsing script Example.particle
18:35:01: Parsing script Example-Water.particle
18:35:01: Parsing script smoke.particle
18:35:01: Parsing script emitted_emitter.particle
18:35:01: Parsing script Examples.compositor
18:35:01: Parsing script sample.fontdef
18:35:01: Parsing script Shadows.overlay
18:35:01: Parsing script Example-CubeMapping.overlay
18:35:01: Parsing script Example-DynTex.overlay
18:35:01: Parsing script Compositor.overlay
18:35:01: Parsing script Example-Water.overlay
18:35:01: Parsing script DP3.overlay
18:35:01: Parsing script PythonOgreDebugPanel.overlay
18:35:01: Texture: popanel.png: Loading 1 faces(PF_A8R8G8B8,638x90x1) with 5 hardware generated mipmaps from Image. Internal format is PF_A8R8G8B8,638x90x1.
18:35:01: Finished parsing scripts for resource group General
18:35:01: Parsing scripts for resource group Internal
18:35:01: Finished parsing scripts for resource group Internal
18:35:01: Mesh: Loading cube.mesh.
18:35:01: WARNING: cube.mesh is an older format ([MeshSerializer_v1.40]); you should upgrade it as soon as possible using the OgreMeshUpgrade tool.
18:35:01: Can't assign material 1 - Default to SubEntity of Cube because this Material does not exist. Have you forgotten to define it in a .material script?
18:35:01: Texture: rockwall.tga: Loading 1 faces(PF_R8G8B8,256x256x1) with 5 hardware generated mipmaps from Image. Internal format is PF_X8R8G8B8,256x256x1.
18:35:02: Texture: clouds.jpg: Loading 1 faces(PF_R8G8B8,256x256x1) with 5 hardware generated mipmaps from Image. Internal format is PF_X8R8G8B8,256x256x1.
18:35:02: DefaultWorkQueue('Root') shutting down on thread 7f8f0ddb0740.
18:35:02: DefaultWorkQueue('Root')::WorkerFunc - thread 7f8ee9f3c700 stopped.
18:35:02: Unregistering ResourceManager for type BspLevel
18:35:02: *-*-* OGRE Shutdown
18:35:02: Unregistering ResourceManager for type Compositor
18:35:02: Unregistering ResourceManager for type Font
18:35:02: Unregistering ResourceManager for type Skeleton
18:35:02: Unregistering ResourceManager for type Mesh
18:35:02: Unregistering ResourceManager for type HighLevelGpuProgram
18:35:02: Uninstalling plugin: Cg Program Manager
18:35:02: Plugin successfully uninstalled
18:35:02: Unloading library /usr/lib/OGRE/Plugin_CgProgramManager
18:35:02: Uninstalling plugin: Octree & Terrain Scene Manager
18:35:02: Plugin successfully uninstalled
18:35:02: Unloading library /usr/lib/OGRE/Plugin_OctreeSceneManager
18:35:02: Uninstalling plugin: BSP Scene Manager
18:35:02: Plugin successfully uninstalled
18:35:02: Unloading library /usr/lib/OGRE/Plugin_BSPSceneManager
18:35:02: Uninstalling plugin: ParticleFX
18:35:02: Plugin successfully uninstalled
18:35:02: Unloading library /usr/lib/OGRE/Plugin_ParticleFX
18:35:02: Uninstalling plugin: GL RenderSystem
18:35:02: Unregistering ResourceManager for type GpuProgram
18:35:02: ******************************
*** Stopping GLX Subsystem ***
******************************
18:35:02: Unregistering ResourceManager for type Texture
18:35:02: Plugin successfully uninstalled
18:35:02: Unloading library /usr/lib/OGRE/RenderSystem_GL
18:35:02: Unregistering ResourceManager for type Material
