14:47:13: Creating resource group General
14:47:13: Creating resource group Internal
14:47:13: Creating resource group Autodetect
14:47:13: SceneManagerFactory for type 'DefaultSceneManager' registered.
14:47:13: Registering ResourceManager for type Material
14:47:13: Registering ResourceManager for type Mesh
14:47:13: Registering ResourceManager for type Skeleton
14:47:13: MovableObjectFactory for type 'ParticleSystem' registered.
14:47:13: OverlayElementFactory for type Panel registered.
14:47:13: OverlayElementFactory for type BorderPanel registered.
14:47:13: OverlayElementFactory for type TextArea registered.
14:47:13: Registering ResourceManager for type Font
14:47:13: ArchiveFactory for archive type FileSystem registered.
14:47:13: ArchiveFactory for archive type Zip registered.
14:47:13: DDS codec registering
14:47:13: FreeImage version: 3.15.4
14:47:13: This program uses FreeImage, a free, open source image library supporting all common bitmap formats. See http://freeimage.sourceforge.net for details
14:47:13: Supported formats: bmp,ico,jpg,jif,jpeg,jpe,jng,koa,iff,lbm,mng,pbm,pbm,pcd,pcx,pgm,pgm,png,ppm,ppm,ras,tga,targa,tif,tiff,wap,wbmp,wbm,psd,cut,xbm,xpm,gif,hdr,g3,sgi,exr,j2k,j2c,jp2,pfm,pct,pict,pic,3fr,arw,bay,bmq,cap,cine,cr2,crw,cs1,dc2,dcr,drf,dsc,dng,erf,fff,ia,iiq,k25,kc2,kdc,mdc,mef,mos,mrw,nef,nrw,orf,pef,ptx,pxn,qtk,raf,raw,rdc,rw2,rwl,rwz,sr2,srf,srw,sti
14:47:13: Registering ResourceManager for type HighLevelGpuProgram
14:47:13: Registering ResourceManager for type Compositor
14:47:13: MovableObjectFactory for type 'Entity' registered.
14:47:13: MovableObjectFactory for type 'Light' registered.
14:47:13: MovableObjectFactory for type 'BillboardSet' registered.
14:47:13: MovableObjectFactory for type 'ManualObject' registered.
14:47:13: MovableObjectFactory for type 'BillboardChain' registered.
14:47:13: MovableObjectFactory for type 'RibbonTrail' registered.
14:47:13: Loading library /usr/lib/OGRE/RenderSystem_GL
14:47:13: Installing plugin: GL RenderSystem
14:47:13: OpenGL Rendering Subsystem created.
14:47:13: Plugin successfully installed
14:47:13: Loading library /usr/lib/OGRE/Plugin_ParticleFX
14:47:13: Installing plugin: ParticleFX
14:47:13: Particle Emitter Type 'Point' registered
14:47:13: Particle Emitter Type 'Box' registered
14:47:13: Particle Emitter Type 'Ellipsoid' registered
14:47:13: Particle Emitter Type 'Cylinder' registered
14:47:13: Particle Emitter Type 'Ring' registered
14:47:13: Particle Emitter Type 'HollowEllipsoid' registered
14:47:13: Particle Affector Type 'LinearForce' registered
14:47:13: Particle Affector Type 'ColourFader' registered
14:47:13: Particle Affector Type 'ColourFader2' registered
14:47:13: Particle Affector Type 'ColourImage' registered
14:47:13: Particle Affector Type 'ColourInterpolator' registered
14:47:13: Particle Affector Type 'Scaler' registered
14:47:13: Particle Affector Type 'Rotator' registered
14:47:13: Particle Affector Type 'DirectionRandomiser' registered
14:47:13: Particle Affector Type 'DeflectorPlane' registered
14:47:13: Plugin successfully installed
14:47:13: Loading library /usr/lib/OGRE/Plugin_BSPSceneManager
14:47:13: Installing plugin: BSP Scene Manager
14:47:13: Plugin successfully installed
14:47:13: Loading library /usr/lib/OGRE/Plugin_OctreeSceneManager
14:47:13: Installing plugin: Octree & Terrain Scene Manager
14:47:13: Plugin successfully installed
14:47:13: Loading library /usr/lib/OGRE/Plugin_CgProgramManager
14:47:13: Installing plugin: Cg Program Manager
14:47:13: Plugin successfully installed
14:47:13: *-*-* OGRE Initialising
14:47:13: *-*-* Version 1.7.2 (Cthugha)
14:47:13: Creating resource group Bootstrap
14:47:13: Added resource location 'media/packs/OgreCore.zip' of type 'Zip' to resource group 'Bootstrap'
14:47:13: Added resource location 'media' of type 'FileSystem' to resource group 'General'
14:47:13: Added resource location 'media/fonts' of type 'FileSystem' to resource group 'General'
14:47:13: Added resource location 'media/sounds' of type 'FileSystem' to resource group 'General'
14:47:13: Added resource location 'media/Audio' of type 'FileSystem' to resource group 'General'
14:47:13: Added resource location 'media/materials/programs' of type 'FileSystem' to resource group 'General'
14:47:13: Added resource location 'media/materials/scripts' of type 'FileSystem' to resource group 'General'
14:47:13: Added resource location 'media/materials/textures' of type 'FileSystem' to resource group 'General'
14:47:13: Added resource location 'media/models' of type 'FileSystem' to resource group 'General'
14:47:13: Added resource location 'media/overlays' of type 'FileSystem' to resource group 'General'
14:47:13: Added resource location 'media/particle' of type 'FileSystem' to resource group 'General'
14:47:13: Added resource location 'media/gui' of type 'FileSystem' to resource group 'General'
14:47:13: Added resource location 'media/packs/cubemap.zip' of type 'Zip' to resource group 'General'
14:47:13: Added resource location 'media/packs/cubemapsJS.zip' of type 'Zip' to resource group 'General'
14:47:13: Added resource location 'media/packs/dragon.zip' of type 'Zip' to resource group 'General'
14:47:13: Added resource location 'media/packs/fresneldemo.zip' of type 'Zip' to resource group 'General'
14:47:13: Added resource location 'media/packs/ogretestmap.zip' of type 'Zip' to resource group 'General'
14:47:13: Added resource location 'media/packs/skybox.zip' of type 'Zip' to resource group 'General'
14:47:13: CPU Identifier & Features
14:47:13: -------------------------
14:47:13:  *   CPU ID: GenuineIntel: Intel(R) Core(TM) i7-4510U CPU @ 2.00GHz
14:47:13:  *      SSE: yes
14:47:13:  *     SSE2: yes
14:47:13:  *     SSE3: yes
14:47:13:  *      MMX: yes
14:47:13:  *   MMXEXT: yes
14:47:13:  *    3DNOW: no
14:47:13:  * 3DNOWEXT: no
14:47:13:  *     CMOV: yes
14:47:13:  *      TSC: yes
14:47:13:  *      FPU: yes
14:47:13:  *      PRO: yes
14:47:13:  *       HT: no
14:47:13: -------------------------
14:47:13: ******************************
*** Starting GLX Subsystem ***
******************************
14:47:13: GLRenderSystem::_createRenderWindow "Tutorial Render Window", 1024x768 windowed  miscParams: FSAA=0 displayFrequency=60 MHz gamma=No vsync=No 
14:47:14: GLXWindow::create used FBConfigID = 163
14:47:14: GL_VERSION = 2.1 Mesa 10.1.3
14:47:14: GL_VENDOR = VMware, Inc.
14:47:14: GL_RENDERER = Gallium 0.4 on SVGA3D; build: RELEASE;  
14:47:14: GL_EXTENSIONS = GL_ARB_multisample GL_EXT_abgr GL_EXT_bgra GL_EXT_blend_color GL_EXT_blend_minmax GL_EXT_blend_subtract GL_EXT_copy_texture GL_EXT_polygon_offset GL_EXT_subtexture GL_EXT_texture_object GL_EXT_vertex_array GL_EXT_compiled_vertex_array GL_EXT_texture GL_EXT_texture3D GL_IBM_rasterpos_clip GL_ARB_point_parameters GL_EXT_draw_range_elements GL_EXT_packed_pixels GL_EXT_point_parameters GL_EXT_rescale_normal GL_EXT_separate_specular_color GL_EXT_texture_edge_clamp GL_SGIS_generate_mipmap GL_SGIS_texture_border_clamp GL_SGIS_texture_edge_clamp GL_SGIS_texture_lod GL_ARB_framebuffer_sRGB GL_ARB_multitexture GL_EXT_framebuffer_sRGB GL_IBM_multimode_draw_arrays GL_IBM_texture_mirrored_repeat GL_ARB_texture_cube_map GL_ARB_texture_env_add GL_ARB_transpose_matrix GL_EXT_blend_func_separate GL_EXT_fog_coord GL_EXT_multi_draw_arrays GL_EXT_secondary_color GL_EXT_texture_env_add GL_EXT_texture_filter_anisotropic GL_EXT_texture_lod_bias GL_INGR_blend_func_separate GL_NV_blend_square GL_NV_light_max_exponent GL_NV_texgen_reflection GL_NV_texture_env_combine4 GL_S3_s3tc GL_SUN_multi_draw_arrays GL_ARB_texture_border_clamp GL_ARB_texture_compression GL_EXT_framebuffer_object GL_EXT_texture_compression_s3tc GL_EXT_texture_env_combine GL_EXT_texture_env_dot3 GL_MESA_window_pos GL_NV_packed_depth_stencil GL_NV_texture_rectangle GL_ARB_depth_texture GL_ARB_occlusion_query GL_ARB_shadow GL_ARB_texture_env_combine GL_ARB_texture_env_crossbar GL_ARB_texture_env_dot3 GL_ARB_texture_mirrored_repeat GL_ARB_window_pos GL_EXT_stencil_two_side GL_EXT_texture_cube_map GL_NV_fog_distance GL_APPLE_packed_pixels GL_APPLE_vertex_array_object GL_ARB_draw_buffers GL_ARB_fragment_program GL_ARB_fragment_shader GL_ARB_shader_objects GL_ARB_vertex_program GL_ARB_vertex_shader GL_ATI_draw_buffers GL_ATI_texture_env_combine3 GL_ATI_texture_float GL_EXT_shadow_funcs GL_EXT_stencil_wrap GL_MESA_pack_invert GL_NV_primitive_restart GL_ARB_fragment_program_shadow GL_ARB_half_float_pixel GL_ARB_occlusion_query2 GL_ARB_point_sprite GL_ARB_shading_language_100 GL_ARB_sync GL_ARB_texture_non_power_of_two GL_ARB_vertex_buffer_object GL_ATI_blend_equation_separate GL_EXT_blend_equation_separate GL_OES_read_format GL_ARB_color_buffer_float GL_ARB_pixel_buffer_object GL_ARB_texture_float GL_ARB_texture_rectangle GL_EXT_pixel_buffer_object GL_EXT_texture_compression_dxt1 GL_EXT_texture_rectangle GL_EXT_texture_sRGB GL_ARB_framebuffer_object GL_EXT_framebuffer_blit GL_EXT_packed_depth_stencil GL_ARB_vertex_array_object GL_ATI_separate_stencil GL_EXT_gpu_program_parameters GL_EXT_texture_sRGB_decode GL_OES_EGL_image GL_ARB_copy_buffer GL_ARB_half_float_vertex GL_ARB_map_buffer_range GL_ARB_texture_swizzle GL_ARB_vertex_array_bgra GL_EXT_texture_swizzle GL_EXT_vertex_array_bgra GL_ARB_ES2_compatibility GL_ARB_debug_output GL_ARB_draw_elements_base_vertex GL_ARB_explicit_attrib_location GL_ARB_fragment_coord_conventions GL_ARB_provoking_vertex GL_ARB_sampler_objects GL_ARB_shader_texture_lod GL_EXT_provoking_vertex GL_ARB_get_program_binary GL_ARB_robustness GL_NV_vdpau_interop GL_ANGLE_texture_compression_dxt3 GL_ANGLE_texture_compression_dxt5 GL_ARB_internalformat_query GL_ARB_map_buffer_alignment GL_ARB_texture_storage GL_AMD_shader_trinary_minmax GL_ARB_clear_buffer_object GL_ARB_invalidate_subdata GL_ARB_vertex_attrib_binding GL_KHR_debug 
14:47:14: Supported GLX extensions: GLX_ARB_create_context GLX_ARB_create_context_profile GLX_ARB_fbconfig_float GLX_ARB_framebuffer_sRGB GLX_ARB_get_proc_address GLX_ARB_multisample GLX_EXT_import_context GLX_EXT_visual_info GLX_EXT_visual_rating GLX_EXT_framebuffer_sRGB GLX_EXT_create_context_es2_profile GLX_MESA_copy_sub_buffer GLX_MESA_multithread_makecurrent GLX_MESA_swap_control GLX_OML_swap_method GLX_SGI_make_current_read GLX_SGI_video_sync GLX_SGIS_multisample GLX_SGIX_fbconfig GLX_SGIX_pbuffer GLX_SGIX_visual_select_group GLX_EXT_texture_from_pixmap 
14:47:14: ***************************
14:47:14: *** GL Renderer Started ***
14:47:14: ***************************
14:47:14: Registering ResourceManager for type GpuProgram
14:47:14: GLSL support detected
14:47:14: GL: Using GL_EXT_framebuffer_object for rendering to textures (best)
14:47:14: FBO PF_UNKNOWN depth/stencil support: D0S1 D0S4 D0S8 D0S16 D16S0 D24S0 D32S0 Packed-D24S8 
14:47:14: FBO PF_A8 depth/stencil support: D0S0 D0S1 D0S4 D0S8 D0S16 D16S0 D24S0 D32S0 Packed-D24S8 
14:47:14: FBO PF_A4L4 depth/stencil support: D0S0 D0S1 D0S4 D0S8 D0S16 D16S0 D24S0 D32S0 Packed-D24S8 
14:47:14: FBO PF_BYTE_LA depth/stencil support: D0S0 D0S1 D0S4 D0S8 D0S16 D16S0 D24S0 D32S0 Packed-D24S8 
14:47:14: FBO PF_R5G6B5 depth/stencil support: D0S0 D0S1 D0S4 D0S8 D0S16 D16S0 D24S0 D32S0 Packed-D24S8 
14:47:14: FBO PF_B5G6R5 depth/stencil support: D0S0 D0S1 D0S4 D0S8 D0S16 D16S0 D24S0 D32S0 Packed-D24S8 
14:47:14: FBO PF_A4R4G4B4 depth/stencil support: D0S0 D0S1 D0S4 D0S8 D0S16 D16S0 D24S0 D32S0 Packed-D24S8 
14:47:14: FBO PF_A1R5G5B5 depth/stencil support: D0S0 D0S1 D0S4 D0S8 D0S16 D16S0 D24S0 D32S0 Packed-D24S8 
14:47:14: FBO PF_R8G8B8 depth/stencil support: D0S0 D0S1 D0S4 D0S8 D0S16 D16S0 D24S0 D32S0 Packed-D24S8 
14:47:14: FBO PF_B8G8R8 depth/stencil support: D0S0 D0S1 D0S4 D0S8 D0S16 D16S0 D24S0 D32S0 Packed-D24S8 
14:47:14: FBO PF_A8R8G8B8 depth/stencil support: D0S0 D0S1 D0S4 D0S8 D0S16 D16S0 D24S0 D32S0 Packed-D24S8 
14:47:14: FBO PF_B8G8R8A8 depth/stencil support: D0S0 D0S1 D0S4 D0S8 D0S16 D16S0 D24S0 D32S0 Packed-D24S8 
14:47:14: FBO PF_A2R10G10B10 depth/stencil support: D0S0 D0S1 D0S4 D0S8 D0S16 D16S0 D24S0 D32S0 Packed-D24S8 
14:47:14: FBO PF_A2B10G10R10 depth/stencil support: D0S0 D0S1 D0S4 D0S8 D0S16 D16S0 D24S0 D32S0 Packed-D24S8 
14:47:14: FBO PF_FLOAT16_RGB depth/stencil support: D0S0 D0S1 D0S4 D0S8 D0S16 D16S0 D24S0 D32S0 Packed-D24S8 
14:47:14: FBO PF_FLOAT16_RGBA depth/stencil support: D0S0 D0S1 D0S4 D0S8 D0S16 D16S0 D24S0 D32S0 Packed-D24S8 
14:47:14: FBO PF_FLOAT32_RGB depth/stencil support: D0S0 D0S1 D0S4 D0S8 D0S16 D16S0 D24S0 D32S0 Packed-D24S8 
14:47:14: FBO PF_FLOAT32_RGBA depth/stencil support: D0S0 D0S1 D0S4 D0S8 D0S16 D16S0 D24S0 D32S0 Packed-D24S8 
14:47:14: FBO PF_X8R8G8B8 depth/stencil support: D0S0 D0S1 D0S4 D0S8 D0S16 D16S0 D24S0 D32S0 Packed-D24S8 
14:47:14: FBO PF_X8B8G8R8 depth/stencil support: D0S0 D0S1 D0S4 D0S8 D0S16 D16S0 D24S0 D32S0 Packed-D24S8 
14:47:14: FBO PF_SHORT_RGBA depth/stencil support: D0S0 D0S1 D0S4 D0S8 D0S16 D16S0 D24S0 D32S0 Packed-D24S8 
14:47:14: FBO PF_R3G3B2 depth/stencil support: D0S0 D0S1 D0S4 D0S8 D0S16 D16S0 D24S0 D32S0 Packed-D24S8 
14:47:14: FBO PF_FLOAT16_R depth/stencil support: D0S0 D0S1 D0S4 D0S8 D0S16 D16S0 D24S0 D32S0 Packed-D24S8 
14:47:14: FBO PF_FLOAT32_R depth/stencil support: D0S0 D0S1 D0S4 D0S8 D0S16 D16S0 D24S0 D32S0 Packed-D24S8 
14:47:14: FBO PF_SHORT_GR depth/stencil support: D0S0 D0S1 D0S4 D0S8 D0S16 D16S0 D24S0 D32S0 Packed-D24S8 
14:47:14: FBO PF_FLOAT16_GR depth/stencil support: D0S0 D0S1 D0S4 D0S8 D0S16 D16S0 D24S0 D32S0 Packed-D24S8 
14:47:14: FBO PF_FLOAT32_GR depth/stencil support: D0S0 D0S1 D0S4 D0S8 D0S16 D16S0 D24S0 D32S0 Packed-D24S8 
14:47:14: FBO PF_SHORT_RGB depth/stencil support: D0S0 D0S1 D0S4 D0S8 D0S16 D16S0 D24S0 D32S0 Packed-D24S8 
14:47:14: [GL] : Valid FBO targets PF_UNKNOWN PF_A8 PF_A4L4 PF_BYTE_LA PF_R5G6B5 PF_B5G6R5 PF_A4R4G4B4 PF_A1R5G5B5 PF_R8G8B8 PF_B8G8R8 PF_A8R8G8B8 PF_B8G8R8A8 PF_A2R10G10B10 PF_A2B10G10R10 PF_FLOAT16_RGB PF_FLOAT16_RGBA PF_FLOAT32_RGB PF_FLOAT32_RGBA PF_X8R8G8B8 PF_X8B8G8R8 PF_SHORT_RGBA PF_R3G3B2 PF_FLOAT16_R PF_FLOAT32_R PF_SHORT_GR PF_FLOAT16_GR PF_FLOAT32_GR PF_SHORT_RGB 
14:47:14: RenderSystem capabilities
14:47:14: -------------------------
14:47:14: RenderSystem Name: OpenGL Rendering Subsystem
14:47:14: GPU Vendor: unknown
14:47:14: Device Name: Gallium 0.4 on SVGA3D; build: RELEASE;  
14:47:14: Driver Version: 2.1.0.0
14:47:14:  * Fixed function pipeline: yes
14:47:14:  * Hardware generation of mipmaps: yes
14:47:14:  * Texture blending: yes
14:47:14:  * Anisotropic texture filtering: yes
14:47:14:  * Dot product texture operation: yes
14:47:14:  * Cube mapping: yes
14:47:14:  * Hardware stencil buffer: yes
14:47:14:    - Stencil depth: 8
14:47:14:    - Two sided stencil support: yes
14:47:14:    - Wrap stencil values: yes
14:47:14:  * Hardware vertex / index buffers: yes
14:47:14:  * Vertex programs: yes
14:47:14:  * Number of floating-point constants for vertex programs: 256
14:47:14:  * Number of integer constants for vertex programs: 0
14:47:14:  * Number of boolean constants for vertex programs: 0
14:47:14:  * Fragment programs: yes
14:47:14:  * Number of floating-point constants for fragment programs: 224
14:47:14:  * Number of integer constants for fragment programs: 0
14:47:14:  * Number of boolean constants for fragment programs: 0
14:47:14:  * Geometry programs: no
14:47:14:  * Number of floating-point constants for geometry programs: 0
14:47:14:  * Number of integer constants for geometry programs: 0
14:47:14:  * Number of boolean constants for geometry programs: 0
14:47:14:  * Supported Shader Profiles: arbfp1 arbvp1 glsl
14:47:14:  * Texture Compression: yes
14:47:14:    - DXT: yes
14:47:14:    - VTC: no
14:47:14:    - PVRTC: no
14:47:14:  * Scissor Rectangle: yes
14:47:14:  * Hardware Occlusion Query: yes
14:47:14:  * User clip planes: yes
14:47:14:  * VET_UBYTE4 vertex element type: yes
14:47:14:  * Infinite far plane projection: yes
14:47:14:  * Hardware render-to-texture: yes
14:47:14:  * Floating point textures: yes
14:47:14:  * Non-power-of-two textures: yes
14:47:14:  * Volume textures: yes
14:47:14:  * Multiple Render Targets: 4
14:47:14:    - With different bit depths: yes
14:47:14:  * Point Sprites: yes
14:47:14:  * Extended point parameters: yes
14:47:14:  * Max Point Size: 80
14:47:14:  * Vertex texture fetch: no
14:47:14:  * Number of world matrices: 0
14:47:14:  * Number of texture units: 16
14:47:14:  * Stencil buffer depth: 8
14:47:14:  * Number of vertex blend matrices: 0
14:47:14:  * Render to Vertex Buffer : no
14:47:14:  * GL 1.5 without VBO workaround: no
14:47:14:  * Frame Buffer objects: yes
14:47:14:  * Frame Buffer objects (ARB extension): no
14:47:14:  * Frame Buffer objects (ATI extension): no
14:47:14:  * PBuffer support: yes
14:47:14:  * GL 1.5 without HW-occlusion workaround: no
14:47:14: Registering ResourceManager for type Texture
14:47:14: DefaultWorkQueue('Root') initialising on thread 7f5e40abd740.
14:47:14: Particle Renderer Type 'billboard' registered
14:47:14: SceneManagerFactory for type 'BspSceneManager' registered.
14:47:14: Registering ResourceManager for type BspLevel
14:47:14: SceneManagerFactory for type 'OctreeSceneManager' registered.
14:47:14: SceneManagerFactory for type 'TerrainSceneManager' registered.
14:47:14: DefaultWorkQueue('Root')::WorkerFunc - thread 7f5e1e89b700 starting.
14:47:14: Parsing scripts for resource group Autodetect
14:47:14: Finished parsing scripts for resource group Autodetect
14:47:14: Parsing scripts for resource group Bootstrap
14:47:14: Parsing script OgreCore.material
14:47:14: Parsing script OgreProfiler.material
14:47:14: Parsing script Ogre.fontdef
14:47:14: Parsing script OgreDebugPanel.overlay
14:47:14: Texture: New_Ogre_Border_Center.png: Loading 1 faces(PF_A8R8G8B8,256x128x1) with 5 hardware generated mipmaps from Image. Internal format is PF_A8R8G8B8,256x128x1.
14:47:14: Texture: New_Ogre_Border.png: Loading 1 faces(PF_A8R8G8B8,256x256x1) with 5 hardware generated mipmaps from Image. Internal format is PF_A8R8G8B8,256x256x1.
14:47:14: Texture: New_Ogre_Border_Break.png: Loading 1 faces(PF_A8R8G8B8,32x32x1) with 5 hardware generated mipmaps from Image. Internal format is PF_A8R8G8B8,32x32x1.
14:47:14: Texture: ogretext.png: Loading 1 faces(PF_A8R8G8B8,256x128x1) with 5 hardware generated mipmaps from Image. Internal format is PF_A8R8G8B8,256x128x1.
14:47:14: Parsing script OgreLoadingPanel.overlay
14:47:14: Finished parsing scripts for resource group Bootstrap
14:47:14: Parsing scripts for resource group General
14:47:14: Parsing script Examples.program
14:47:14: GLSL compiled : Ogre/BasicVertexPrograms/AmbientOneTextureGLSL
14:47:14: GLSL compiled : Ogre/HardwareSkinningTwoWeightsGLSL
14:47:14: Parsing script StdQuad_vp.program
14:47:14: Parsing script Example-Water.material
14:47:14: Parsing script instancing.material
14:47:14: GLSL compiled : InstancingGLSL
14:47:14: GLSL compiled : InstancingShadowCasterGLSL
14:47:14: GLSL compiled : CrowdGLSL
14:47:14: GLSL compiled : CrowdShadowCasterGLSL
14:47:14: Parsing script ASMSwizzle.material
14:47:14: Compiler error: object unsupported by render system in ASMSwizzle.material(1)
14:47:14: Parsing script MRTtest.material
14:47:14: GLSL compiled : Ogre/MRTtest/scenefp/GLSL
14:47:14: GLSL compiled : Ogre/MRTtest/quadfp/GLSL
14:47:14: GLSL compiled : Ogre/Compositor/StdQuad_GLSL_vp
14:47:14: Parsing script alienship.material
14:47:14: Compiler error: unknown error in alienship.material(90): token "1.0," is not recognized
14:47:14: Parsing script GLSLSwizzle.material
14:47:14: GLSL compiled : Ogre/GPTest/Passthrough_VP_GLSL
14:47:14: Parsing script SharpenEdges.material
14:47:14: Parsing script ddg51.material
14:47:14: Parsing script OldMovie.material
14:47:14: Parsing script Scene.material
14:47:14: Parsing script sleek.material
14:47:14: Parsing script OffsetMapping.material
14:47:14: Compiler error: object unsupported by render system in OffsetMapping.material(18)
14:47:14: GLSL compiled : Examples/OffsetMappingIntegratedShadowsFPglsl
14:47:14: GLSL compiled : Examples/OffsetMappingIntegratedShadowsVPglsl
14:47:14: Parsing script ParticleGS.material
14:47:14: Parsing script cigarette.material
14:47:14: Parsing script ASCII.material
14:47:14: Parsing script pssm.material
14:47:14: Parsing script Tiling.material
14:47:14: Parsing script Bloom.material
14:47:14: GLSL compiled : Blur_ps_glsl
14:47:14: GLSL compiled : Blur0_vs_glsl
14:47:14: GLSL compiled : Blur1_vs_glsl
14:47:14: Parsing script button.material
14:47:14: Parsing script cursor.material
14:47:14: Parsing script Examples-Advanced.material
14:47:14: Compiler error: object unsupported by render system in Examples-Advanced.material(381)
14:47:14: Parsing script Hurt.material
14:47:14: Parsing script Invert.material
14:47:14: Parsing script Laplace.material
14:47:14: Parsing script boat.material
14:47:14: Parsing script Ocean.material
14:47:14: GLSL compiled : GLSL/OceanVS
14:47:14: GLSL compiled : GLSL/OceanFS
14:47:14: GLSL compiled : GLSL/Ocean2VS
14:47:14: GLSL compiled : GLSL/Ocean2FS
14:47:14: Parsing script Halftone.material
14:47:14: Parsing script Bloom2.material
14:47:14: GLSL compiled : Bloom2_ps20_glsl
14:47:14: Parsing script OldTV.material
14:47:14: Parsing script Dither.material
14:47:14: Parsing script Embossed.material
14:47:14: Parsing script f1Overlay.material
14:47:14: Parsing script NightVision.material
14:47:14: Parsing script DOF.material
14:47:14: Parsing script hdr.material
14:47:14: GLSL compiled : Ogre/Compositor/HDR/downscale2x2LuminenceGLSL_fp
14:47:14: GLSL compiled : Ogre/Compositor/HDR/downscale3x3GLSL_fp
14:47:14: GLSL compiled : Ogre/Compositor/HDR/utils_fp
14:47:14: GLSL compiled : Ogre/Compositor/HDR/downscale3x3brightpassGLSL_fp
14:47:14: GLSL compiled : Ogre/Compositor/HDR/bloomGLSL_fp
14:47:14: GLSL compiled : Ogre/Compositor/HDR/utils_fp
14:47:14: GLSL compiled : Ogre/Compositor/HDR/finaltonemappingGLSL_fp
14:47:14: Parsing script OgreOcean.material
14:47:14: GLSL compiled : GLSL/OceanVS
14:47:14: GLSL compiled : GLSL/OceanFS
14:47:14: Parsing script sailboat.material
14:47:14: Compiler error: unknown error in sailboat.material(87): token "60.0," is not recognized
14:47:14: Parsing script BlackAndWhite.material
14:47:14: Parsing script CGSwizzle.material
14:47:14: Parsing script missile.material
14:47:14: Compiler error: unknown error in missile.material(7): token "59.4555039496997," is not recognized
14:47:14: Parsing script Example.material
14:47:14: OGRE EXCEPTION(2:InvalidParametersException): Parameter called camObjPos does not exist.  in GpuProgramParameters::_findNamedConstantDefinition at /home/anderen2/build/ogre/OgreMain/src/OgreGpuProgramParams.cpp (line 1433)
14:47:14: Compiler error: invalid parameters in Example.material(762): setting of constant failed
14:47:14: GLSL compiled : Ogre/HardwareSkinningTwoWeightsShadowCasterGLSL
14:47:14: Parsing script facial.material
14:47:14: Parsing script Example-DynTex.material
14:47:14: Parsing script HeatVision.material
14:47:15: Parsing script rmenu.material
14:47:15: Parsing script VarianceShadowmap.material
14:47:15: Parsing script Ogre.material
14:47:15: Parsing script cvn68.material
14:47:15: Parsing script Glass.material
14:47:15: Parsing script Posterize.material
14:47:15: Parsing script ui.material
14:47:15: Parsing script RadialBlur.material
14:47:15: Parsing script shipInfo.material
14:47:15: Parsing script IsoSurf.material
14:47:15: Parsing script wake.material
14:47:15: Parsing script DepthShadowmap.material
14:47:15: GLSL compiled : Ogre/DepthShadowmap/CasterVP_GLSL
14:47:15: GLSL compiled : Ogre/DepthShadowmap/CasterFP_GLSL
14:47:15: GLSL compiled : Ogre/DepthShadowmap/ReceiverVP_GLSL
14:47:15: GLSL compiled : Ogre/DepthShadowmap/ReceiverFP_GLSL
14:47:15: GLSL compiled : Ogre/DepthShadowmap/ReceiverFPPCF_GLSL
14:47:15: GLSL compiled : Ogre/DepthShadowmap/NormalMapReceiverVP_GLSL
14:47:15: GLSL compiled : Ogre/DepthShadowmap/NormalMapReceiverFP_GLSL
14:47:15: GLSL compiled : Ogre/DepthShadowmap/NormalMapReceiverFPPCF_GLSL
14:47:15: Parsing script smoke.material
14:47:15: Parsing script MotionBlur.material
14:47:15: Parsing script RZR-002.material
14:47:15: Parsing script PythonOgreDebugPanel.material
14:47:15: Parsing script RomanBath.material
14:47:15: Parsing script Example.particle
14:47:15: Parsing script wake.particle
14:47:15: Parsing script Example-Water.particle
14:47:15: Parsing script smoke.particle
14:47:15: Parsing script emitted_emitter.particle
14:47:15: Parsing script Examples.compositor
14:47:15: Parsing script sample.fontdef
14:47:15: Parsing script Shadows.overlay
14:47:15: Parsing script Example-CubeMapping.overlay
14:47:15: Parsing script Example-DynTex.overlay
14:47:15: Parsing script Compositor.overlay
14:47:15: Parsing script Example-Water.overlay
14:47:15: Parsing script DP3.overlay
14:47:15: Parsing script PythonOgreDebugPanel.overlay
14:47:15: Texture: popanel.png: Loading 1 faces(PF_A8R8G8B8,638x90x1) with 5 hardware generated mipmaps from Image. Internal format is PF_A8R8G8B8,638x90x1.
14:47:15: Finished parsing scripts for resource group General
14:47:15: Parsing scripts for resource group Internal
14:47:15: Finished parsing scripts for resource group Internal
14:47:15: Texture: waves2.dds: Loading 1 faces(PF_A8R8G8B8,256x256x1) with 5 hardware generated mipmaps from Image. Internal format is PF_A8R8G8B8,256x256x1.
14:47:15: Texture: morning.jpg: Loading 6 faces(PF_R8G8B8,512x512x1) with 5 hardware generated mipmaps from multiple Images. Internal format is PF_X8R8G8B8,512x512x1.
14:47:15: Texture: clouds.jpg: Loading 1 faces(PF_R8G8B8,256x256x1) with 5 hardware generated mipmaps from Image. Internal format is PF_X8R8G8B8,256x256x1.
14:47:15: Mesh: Loading cvn68.mesh.
14:47:15: WARNING: cvn68.mesh is an older format ([MeshSerializer_v1.40]); you should upgrade it as soon as possible using the OgreMeshUpgrade tool.
14:47:15: Texture: ecslDark.bmp: Loading 1 faces(PF_R8G8B8,128x128x1) with 5 hardware generated mipmaps from Image. Internal format is PF_X8R8G8B8,128x128x1.
14:47:15: Mesh: Loading sleek.mesh.
14:47:15: WARNING: sleek.mesh is an older format ([MeshSerializer_v1.40]); you should upgrade it as soon as possible using the OgreMeshUpgrade tool.
14:47:15: Texture: ecsl.bmp: Loading 1 faces(PF_R8G8B8,128x128x1) with 5 hardware generated mipmaps from Image. Internal format is PF_X8R8G8B8,128x128x1.
14:47:15: Mesh: Loading ddg51.mesh.
14:47:15: WARNING: ddg51.mesh is an older format ([MeshSerializer_v1.40]); you should upgrade it as soon as possible using the OgreMeshUpgrade tool.
14:47:15: Texture: ecslHorizontal.bmp: Loading 1 faces(PF_R8G8B8,128x128x1) with 5 hardware generated mipmaps from Image. Internal format is PF_X8R8G8B8,128x128x1.
14:47:15: Mesh: Loading 4685_Personal_Watercr.mesh.
14:47:15: WARNING: 4685_Personal_Watercr.mesh is an older format ([MeshSerializer_v1.40]); you should upgrade it as soon as possible using the OgreMeshUpgrade tool.
14:47:15: Can't assign material back to SubEntity of JETSKI3 because this Material does not exist. Have you forgotten to define it in a .material script?
14:47:15: Can't assign material pads to SubEntity of JETSKI3 because this Material does not exist. Have you forgotten to define it in a .material script?
14:47:15: Can't assign material fuelgage to SubEntity of JETSKI3 because this Material does not exist. Have you forgotten to define it in a .material script?
14:47:15: Can't assign material gascap to SubEntity of JETSKI3 because this Material does not exist. Have you forgotten to define it in a .material script?
14:47:15: Can't assign material gascap2 to SubEntity of JETSKI3 because this Material does not exist. Have you forgotten to define it in a .material script?
14:47:15: Can't assign material housng2 to SubEntity of JETSKI3 because this Material does not exist. Have you forgotten to define it in a .material script?
14:47:15: Can't assign material housng3 to SubEntity of JETSKI3 because this Material does not exist. Have you forgotten to define it in a .material script?
14:47:15: Can't assign material lcdscrn to SubEntity of JETSKI3 because this Material does not exist. Have you forgotten to define it in a .material script?
14:47:15: Can't assign material rearhk2 to SubEntity of JETSKI3 because this Material does not exist. Have you forgotten to define it in a .material script?
14:47:15: Can't assign material seat to SubEntity of JETSKI3 because this Material does not exist. Have you forgotten to define it in a .material script?
14:47:15: Can't assign material seat2 to SubEntity of JETSKI3 because this Material does not exist. Have you forgotten to define it in a .material script?
14:47:15: Can't assign material stbttn to SubEntity of JETSKI3 because this Material does not exist. Have you forgotten to define it in a .material script?
14:47:15: Can't assign material stbttn2 to SubEntity of JETSKI3 because this Material does not exist. Have you forgotten to define it in a .material script?
14:47:15: Can't assign material stop to SubEntity of JETSKI3 because this Material does not exist. Have you forgotten to define it in a .material script?
14:47:15: Can't assign material strtrh2 to SubEntity of JETSKI3 because this Material does not exist. Have you forgotten to define it in a .material script?
14:47:15: Can't assign material strtrh3 to SubEntity of JETSKI3 because this Material does not exist. Have you forgotten to define it in a .material script?
14:47:15: Mesh: Loading 3699_Monterey_189_92.mesh.
14:47:15: WARNING: 3699_Monterey_189_92.mesh is an older format ([MeshSerializer_v1.40]); you should upgrade it as soon as possible using the OgreMeshUpgrade tool.
14:47:15: Can't assign material steerw to SubEntity of MONTEREY4 because this Material does not exist. Have you forgotten to define it in a .material script?
14:47:15: Can't assign material color to SubEntity of MONTEREY4 because this Material does not exist. Have you forgotten to define it in a .material script?
14:47:15: Can't assign material color2 to SubEntity of MONTEREY4 because this Material does not exist. Have you forgotten to define it in a .material script?
14:47:15: Can't assign material dash to SubEntity of MONTEREY4 because this Material does not exist. Have you forgotten to define it in a .material script?
14:47:15: Can't assign material glass to SubEntity of MONTEREY4 because this Material does not exist. Have you forgotten to define it in a .material script?
14:47:15: Can't assign material hardwhit to SubEntity of MONTEREY4 because this Material does not exist. Have you forgotten to define it in a .material script?
14:47:15: Can't assign material instru to SubEntity of MONTEREY4 because this Material does not exist. Have you forgotten to define it in a .material script?
14:47:15: Can't assign material props to SubEntity of MONTEREY4 because this Material does not exist. Have you forgotten to define it in a .material script?
14:47:15: Can't assign material softtuff to SubEntity of MONTEREY4 because this Material does not exist. Have you forgotten to define it in a .material script?
14:47:15: Can't assign material steel to SubEntity of MONTEREY4 because this Material does not exist. Have you forgotten to define it in a .material script?
14:47:15: Can't assign material steerb to SubEntity of MONTEREY4 because this Material does not exist. Have you forgotten to define it in a .material script?
14:47:15: Can't assign material support to SubEntity of MONTEREY4 because this Material does not exist. Have you forgotten to define it in a .material script?
14:47:15: Can't assign material tail to SubEntity of MONTEREY4 because this Material does not exist. Have you forgotten to define it in a .material script?
14:47:15: Can't assign material wood to SubEntity of MONTEREY4 because this Material does not exist. Have you forgotten to define it in a .material script?
14:47:15: Mesh: Loading 5086_Boat.mesh.
14:47:15: WARNING: 5086_Boat.mesh is an older format ([MeshSerializer_v1.40]); you should upgrade it as soon as possible using the OgreMeshUpgrade tool.
14:47:15: Can't assign material BLACK_mate/SOLID/TEX/ecslHorizontal.bmp to SubEntity of BOAT25 because this Material does not exist. Have you forgotten to define it in a .material script?
14:47:15: Can't assign material Black_plas/SOLID/TEX/ecslHorizontal.bmp to SubEntity of BOAT25 because this Material does not exist. Have you forgotten to define it in a .material script?
14:47:15: Can't assign material Blue_plast/SOLID/TEX/ecslHorizontal.bmp to SubEntity of BOAT25 because this Material does not exist. Have you forgotten to define it in a .material script?
14:47:15: Can't assign material boat_wood/SOLID/TEX/ecslHorizontal.bmp to SubEntity of BOAT25 because this Material does not exist. Have you forgotten to define it in a .material script?
14:47:15: Can't assign material Chrome/SOLID/TEX/ecslHorizontal.bmp to SubEntity of BOAT25 because this Material does not exist. Have you forgotten to define it in a .material script?
14:47:15: Can't assign material Glass/SOLID/TEX/ecslHorizontal.bmp to SubEntity of BOAT25 because this Material does not exist. Have you forgotten to define it in a .material script?
14:47:15: Can't assign material white_mate/SOLID/TEX/ecslHorizontal.bmp to SubEntity of BOAT25 because this Material does not exist. Have you forgotten to define it in a .material script?
14:47:15: Can't assign material White_plst/SOLID/TEX/ecslHorizontal.bmp to SubEntity of BOAT25 because this Material does not exist. Have you forgotten to define it in a .material script?
14:47:15: Mesh: Loading cigarette.mesh.
14:47:15: WARNING: cigarette.mesh is an older format ([MeshSerializer_v1.40]); you should upgrade it as soon as possible using the OgreMeshUpgrade tool.
14:47:15: Mesh: Loading alienship.mesh.
14:47:15: WARNING: alienship.mesh is an older format ([MeshSerializer_v1.40]); you should upgrade it as soon as possible using the OgreMeshUpgrade tool.
14:47:16: Texture: ALM07.JPG: Loading 1 faces(PF_R8G8B8,512x512x1) with 5 hardware generated mipmaps from Image. Internal format is PF_X8R8G8B8,512x512x1.
14:47:16: Mesh: Loading boat.mesh.
14:47:16: WARNING: boat.mesh is an older format ([MeshSerializer_v1.40]); you should upgrade it as soon as possible using the OgreMeshUpgrade tool.
14:47:16: Mesh: Loading sailboat.mesh.
14:47:16: WARNING: sailboat.mesh is an older format ([MeshSerializer_v1.40]); you should upgrade it as soon as possible using the OgreMeshUpgrade tool.
14:47:16: Texture: Wood_Lumber_ButtJoined.jpg: Loading 1 faces(PF_R8G8B8,512x256x1) with 5 hardware generated mipmaps from Image. Internal format is PF_X8R8G8B8,512x256x1.
14:47:16: Texture: gras_02.png: Loading 1 faces(PF_A8R8G8B8,256x256x1) with 5 hardware generated mipmaps from Image. Internal format is PF_A8R8G8B8,256x256x1.
14:47:16: Texture: wake.png: Loading 1 faces(PF_A8R8G8B8,256x256x1) with 5 hardware generated mipmaps from Image. Internal format is PF_A8R8G8B8,256x256x1.
